This file contains any messages produced by compilers while
running configure, to aid debugging if configure makes a mistake.

It was created by libpng configure 1.6.2, which was
generated by GNU Autoconf 2.69.  Invocation command line was

  $ ./configure --host=powerpc-eabi --prefix=/c/devkitPro/portlibs/ppc

## --------- ##
## Platform. ##
## --------- ##

hostname = FIX94-PC
uname -m = i686
uname -r = 1.0.15(0.47/3/2)
uname -s = MINGW32_NT-6.1
uname -v = 2010-07-06 22:04

/usr/bin/uname -p = unknown
/bin/uname -X     = unknown

/bin/arch              = unknown
/usr/bin/arch -k       = unknown
/usr/convex/getsysinfo = unknown
/usr/bin/hostinfo      = unknown
/bin/machine           = unknown
/usr/bin/oslevel       = unknown
/bin/universe          = unknown

PATH: .
PATH: /usr/local/bin
PATH: /mingw/bin
PATH: /bin
PATH: /c/Program Files (x86)/AMD APP/bin/x86_64
PATH: /c/Program Files (x86)/AMD APP/bin/x86
PATH: /c/Program Files/Common Files/Microsoft Shared/Windows Live
PATH: /bin
PATH: /c/Windows/system32
PATH: /c/Windows
PATH: /c/Windows/System32/Wbem
PATH: /c/Windows/System32/WindowsPowerShell/v1.0/
PATH: /c/Program Files/Java/jdk1.6.0_27/bin
PATH: /c/Program Files (x86)/ATI Technologies/ATI.ACE/Core-Static
PATH: /c/devkitpro/devkitPPC/bin
PATH: /c/Python27
PATH: /c/Program Files (x86)/QT Lite/QTSystem
PATH: /c/Program Files (x86)/Microsoft SQL Server/90/Tools/binn/
PATH: /c/Program Files (x86)/Wiimm/WIT
PATH: /c/Program Files (x86)/Git/cmd
PATH: /mingw/bin
PATH: /c/Program Files/TortoiseSVN/bin
PATH: /c/Program Files/TortoiseGit/bin
PATH: /c/Program Files/D3DGear
PATH: /c/Program Files (x86)/Smart Projects/IsoBuster
PATH: /c/Program Files (x86)/Toshiba/Bluetooth Toshiba Stack/sys/
PATH: /c/Program Files (x86)/Toshiba/Bluetooth Toshiba Stack/sys/x64/
PATH: /c/Program Files (x86)/NVIDIA Corporation/Cg/bin
PATH: /c/Program Files (x86)/NVIDIA Corporation/Cg/bin.x64
PATH: /c/Program Files/Common Files/Microsoft Shared/Windows Live
PATH: /c/Program Files (x86)/FileVerifier++/
PATH: /c/Users/Administrator/Desktop/Programs/virtualdub_encoders/muxer/GPAC


## ----------- ##
## Core tests. ##
## ----------- ##

configure:2283: checking for a BSD-compatible install
configure:2351: result: /bin/install -c
configure:2362: checking whether build environment is sane
configure:2417: result: yes
configure:2476: checking for powerpc-eabi-strip
configure:2492: found /c/devkitpro/devkitPPC/bin/powerpc-eabi-strip
configure:2503: result: powerpc-eabi-strip
configure:2568: checking for a thread-safe mkdir -p
configure:2607: result: /bin/mkdir -p
configure:2614: checking for gawk
configure:2630: found /bin/gawk
configure:2641: result: gawk
configure:2652: checking whether make sets $(MAKE)
configure:2674: result: yes
configure:2703: checking whether make supports nested variables
configure:2720: result: yes
configure:2803: checking whether to enable maintainer-specific portions of Makefiles
configure:2812: result: no
configure:2852: checking for powerpc-eabi-gcc
configure:2868: found /c/devkitpro/devkitPPC/bin/powerpc-eabi-gcc
configure:2879: result: powerpc-eabi-gcc
configure:3148: checking for C compiler version
configure:3157: powerpc-eabi-gcc --version >&5
powerpc-eabi-gcc.exe (devkitPPC release 26) 4.6.3
Copyright (C) 2011 Free Software Foundation, Inc.
This is free software; see the source for copying conditions.  There is NO
warranty; not even for MERCHANTABILITY or FITNESS FOR A PARTICULAR PURPOSE.

configure:3168: $? = 0
configure:3157: powerpc-eabi-gcc -v >&5
Using built-in specs.
COLLECT_GCC=c:\devkitpro\devkitPPC\bin\powerpc-eabi-gcc.exe
COLLECT_LTO_WRAPPER=c:/devkitpro/devkitppc/bin/../libexec/gcc/powerpc-eabi/4.6.3/lto-wrapper.exe
Target: powerpc-eabi
Configured with: ../../gcc-4.6.3/configure --enable-languages=c,c++,objc --enable-lto --with-cpu=750 --disable-nls --disable-shared --enable-threads --disable-multilib --disable-win32-registry --disable-libstdcxx-pch --target=powerpc-eabi --with-newlib --with-headers=../../newlib-1.20.0/newlib/libc/include --prefix=/opt/devkitpro/i686-w64-mingw32/devkitPPC --disable-dependency-tracking --with-bugurl=http://wiki.devkitpro.org/index.php/Bug_Reports --with-pkgversion='devkitPPC release 26' --build=x86_64-unknown-linux-gnu --host=i686-w64-mingw32
Thread model: single
gcc version 4.6.3 (devkitPPC release 26) 
configure:3168: $? = 0
configure:3157: powerpc-eabi-gcc -V >&5
powerpc-eabi-gcc.exe: error: unrecognized option '-V'
powerpc-eabi-gcc.exe: fatal error: no input files
compilation terminated.
configure:3168: $? = 1
configure:3157: powerpc-eabi-gcc -qversion >&5
powerpc-eabi-gcc.exe: error: unrecognized option '-qversion'
powerpc-eabi-gcc.exe: fatal error: no input files
compilation terminated.
configure:3168: $? = 1
configure:3188: checking whether the C compiler works
configure:3210: powerpc-eabi-gcc  -I/c/devkitPro/portlibs/ppc/include -L/c/devkitPro/portlibs/ppc/lib conftest.c  >&5
configure:3214: $? = 0
configure:3262: result: yes
configure:3265: checking for C compiler default output file name
configure:3267: result: a.out
configure:3273: checking for suffix of executables
configure:3280: powerpc-eabi-gcc -o conftest  -I/c/devkitPro/portlibs/ppc/include -L/c/devkitPro/portlibs/ppc/lib conftest.c  >&5
configure:3284: $? = 0
configure:3306: result: 
configure:3328: checking whether we are cross compiling
configure:3336: powerpc-eabi-gcc -o conftest  -I/c/devkitPro/portlibs/ppc/include -L/c/devkitPro/portlibs/ppc/lib conftest.c  >&5
configure:3340: $? = 0
configure:3347: ./conftest
./conftest: ./conftest: cannot execute binary file
configure:3351: $? = 126
configure:3366: result: yes
configure:3371: checking for suffix of object files
configure:3393: powerpc-eabi-gcc -c  -I/c/devkitPro/portlibs/ppc/include conftest.c >&5
configure:3397: $? = 0
configure:3418: result: o
configure:3422: checking whether we are using the GNU C compiler
configure:3441: powerpc-eabi-gcc -c  -I/c/devkitPro/portlibs/ppc/include conftest.c >&5
configure:3441: $? = 0
configure:3450: result: yes
configure:3459: checking whether powerpc-eabi-gcc accepts -g
configure:3479: powerpc-eabi-gcc -c -g -I/c/devkitPro/portlibs/ppc/include conftest.c >&5
configure:3479: $? = 0
configure:3520: result: yes
configure:3537: checking for powerpc-eabi-gcc option to accept ISO C89
configure:3600: powerpc-eabi-gcc  -c -g -O2 -I/c/devkitPro/portlibs/ppc/include conftest.c >&5
configure:3600: $? = 0
configure:3613: result: none needed
configure:3644: checking for style of include used by make
configure:3672: result: GNU
configure:3698: checking dependency style of powerpc-eabi-gcc
configure:3809: result: gcc3
configure:3833: checking dependency style of powerpc-eabi-gcc
configure:3942: result: gcc3
configure:3961: checking build system type
configure:3975: result: i686-pc-mingw32
configure:3995: checking host system type
configure:4008: result: powerpc-unknown-eabi
configure:4028: checking for a sed that does not truncate output
configure:4092: result: /bin/sed
configure:4110: checking for grep that handles long lines and -e
configure:4168: result: /bin/grep
configure:4173: checking for egrep
configure:4235: result: /bin/grep -E
configure:4240: checking for fgrep
configure:4302: result: /bin/grep -F
configure:4329: checking how to print strings
configure:4356: result: printf
configure:4389: checking for ld used by powerpc-eabi-gcc
configure:4456: result: c:/devkitpro/devkitppc/powerpc-eabi/bin/ld.exe
configure:4463: checking if the linker (c:/devkitpro/devkitppc/powerpc-eabi/bin/ld.exe) is GNU ld
configure:4478: result: yes
configure:4495: checking how to run the C preprocessor
configure:4526: powerpc-eabi-gcc -E -I/c/devkitPro/portlibs/ppc/include conftest.c
configure:4526: $? = 0
configure:4540: powerpc-eabi-gcc -E -I/c/devkitPro/portlibs/ppc/include conftest.c
conftest.c:11:28: fatal error: ac_nonexistent.h: No such file or directory
compilation terminated.
configure:4540: $? = 1
configure: failed program was:
| /* confdefs.h */
| #define PACKAGE_NAME "libpng"
| #define PACKAGE_TARNAME "libpng"
| #define PACKAGE_VERSION "1.6.2"
| #define PACKAGE_STRING "libpng 1.6.2"
| #define PACKAGE_BUGREPORT "png-mng-implement@lists.sourceforge.net"
| #define PACKAGE_URL ""
| #define PACKAGE "libpng"
| #define VERSION "1.6.2"
| /* end confdefs.h.  */
| #include <ac_nonexistent.h>
configure:4565: result: powerpc-eabi-gcc -E
configure:4585: powerpc-eabi-gcc -E -I/c/devkitPro/portlibs/ppc/include conftest.c
configure:4585: $? = 0
configure:4599: powerpc-eabi-gcc -E -I/c/devkitPro/portlibs/ppc/include conftest.c
conftest.c:11:28: fatal error: ac_nonexistent.h: No such file or directory
compilation terminated.
configure:4599: $? = 1
configure: failed program was:
| /* confdefs.h */
| #define PACKAGE_NAME "libpng"
| #define PACKAGE_TARNAME "libpng"
| #define PACKAGE_VERSION "1.6.2"
| #define PACKAGE_STRING "libpng 1.6.2"
| #define PACKAGE_BUGREPORT "png-mng-implement@lists.sourceforge.net"
| #define PACKAGE_URL ""
| #define PACKAGE "libpng"
| #define VERSION "1.6.2"
| /* end confdefs.h.  */
| #include <ac_nonexistent.h>
configure:4631: checking for gawk
configure:4658: result: gawk
configure:4670: checking whether ln -s works
configure:4677: result: no, using cp -pR
configure:4681: checking whether make sets $(MAKE)
configure:4703: result: yes
configure:4755: checking for BSD- or MS-compatible name lister (nm)
configure:4804: result: /c/devkitpro/devkitPPC/bin/powerpc-eabi-nm
configure:4934: checking the name lister (/c/devkitpro/devkitPPC/bin/powerpc-eabi-nm) interface
configure:4941: powerpc-eabi-gcc -c -g -O2 -I/c/devkitPro/portlibs/ppc/include conftest.c >&5
configure:4944: /c/devkitpro/devkitPPC/bin/powerpc-eabi-nm "conftest.o"
configure:4947: output
00000000 S some_variable
configure:4954: result: BSD nm
configure:4958: checking the maximum length of command line arguments
configure:5088: result: 8192
configure:5105: checking whether the shell understands some XSI constructs
configure:5115: result: yes
configure:5119: checking whether the shell understands "+="
configure:5125: result: yes
configure:5160: checking how to convert i686-pc-mingw32 file names to powerpc-unknown-eabi format
configure:5200: result: func_convert_file_noop
configure:5207: checking how to convert i686-pc-mingw32 file names to toolchain format
configure:5227: result: func_convert_file_noop
configure:5234: checking for c:/devkitpro/devkitppc/powerpc-eabi/bin/ld.exe option to reload object files
configure:5241: result: -r
configure:5275: checking for powerpc-eabi-objdump
configure:5291: found /c/devkitpro/devkitPPC/bin/powerpc-eabi-objdump
configure:5302: result: powerpc-eabi-objdump
configure:5371: checking how to recognize dependent libraries
configure:5573: result: unknown
configure:5618: checking for powerpc-eabi-dlltool
configure:5648: result: no
configure:5658: checking for dlltool
configure:5674: found /mingw/bin/dlltool
configure:5685: result: dlltool
configure:5697: WARNING: using cross tools not prefixed with host triplet
configure:5715: checking how to associate runtime and link libraries
configure:5742: result: printf %s\n
configure:5759: checking for powerpc-eabi-ar
configure:5775: found /c/devkitpro/devkitPPC/bin/powerpc-eabi-ar
configure:5786: result: powerpc-eabi-ar
configure:5867: checking for archiver @FILE support
configure:5884: powerpc-eabi-gcc -c -g -O2 -I/c/devkitPro/portlibs/ppc/include conftest.c >&5
configure:5884: $? = 0
configure:5887: powerpc-eabi-ar cru libconftest.a @conftest.lst >&5
configure:5890: $? = 0
configure:5895: powerpc-eabi-ar cru libconftest.a @conftest.lst >&5
c:\devkitpro\devkitPPC\bin\powerpc-eabi-ar.exe: conftest.o: No such file or directory
configure:5898: $? = 1
configure:5910: result: @
configure:5928: checking for powerpc-eabi-strip
configure:5955: result: powerpc-eabi-strip
configure:6027: checking for powerpc-eabi-ranlib
configure:6043: found /c/devkitpro/devkitPPC/bin/powerpc-eabi-ranlib
configure:6054: result: powerpc-eabi-ranlib
configure:6196: checking command to parse /c/devkitpro/devkitPPC/bin/powerpc-eabi-nm output from powerpc-eabi-gcc object
configure:6316: powerpc-eabi-gcc -c -g -O2 -I/c/devkitPro/portlibs/ppc/include conftest.c >&5
configure:6319: $? = 0
configure:6323: /c/devkitpro/devkitPPC/bin/powerpc-eabi-nm conftest.o \| sed -n -e 's/^.*[ ]\([ABCDGIRSTW][ABCDGIRSTW]*\)[ ][ ]*\([_A-Za-z][_A-Za-z0-9]*\)\{0,1\}$/\1 \2 \2/p' | sed '/ __gnu_lto/d' \> conftest.nm
configure:6326: $? = 0
configure:6392: powerpc-eabi-gcc -o conftest -g -O2 -I/c/devkitPro/portlibs/ppc/include -L/c/devkitPro/portlibs/ppc/lib conftest.c conftstm.o >&5
configure:6395: $? = 0
configure:6433: result: ok
configure:6470: checking for sysroot
configure:6500: result: no
configure:6716: checking for powerpc-eabi-mt
configure:6746: result: no
configure:6756: checking for mt
configure:6786: result: no
configure:6806: checking if : is a manifest tool
configure:6812: : '-?'
configure:6820: result: no
configure:7458: checking for ANSI C header files
configure:7478: powerpc-eabi-gcc -c -g -O2 -I/c/devkitPro/portlibs/ppc/include conftest.c >&5
configure:7478: $? = 0
configure:7562: result: yes
configure:7575: checking for sys/types.h
configure:7575: powerpc-eabi-gcc -c -g -O2 -I/c/devkitPro/portlibs/ppc/include conftest.c >&5
configure:7575: $? = 0
configure:7575: result: yes
configure:7575: checking for sys/stat.h
configure:7575: powerpc-eabi-gcc -c -g -O2 -I/c/devkitPro/portlibs/ppc/include conftest.c >&5
configure:7575: $? = 0
configure:7575: result: yes
configure:7575: checking for stdlib.h
configure:7575: powerpc-eabi-gcc -c -g -O2 -I/c/devkitPro/portlibs/ppc/include conftest.c >&5
configure:7575: $? = 0
configure:7575: result: yes
configure:7575: checking for string.h
configure:7575: powerpc-eabi-gcc -c -g -O2 -I/c/devkitPro/portlibs/ppc/include conftest.c >&5
configure:7575: $? = 0
configure:7575: result: yes
configure:7575: checking for memory.h
configure:7575: powerpc-eabi-gcc -c -g -O2 -I/c/devkitPro/portlibs/ppc/include conftest.c >&5
conftest.c:50:20: fatal error: memory.h: No such file or directory
compilation terminated.
configure:7575: $? = 1
configure: failed program was:
| /* confdefs.h */
| #define PACKAGE_NAME "libpng"
| #define PACKAGE_TARNAME "libpng"
| #define PACKAGE_VERSION "1.6.2"
| #define PACKAGE_STRING "libpng 1.6.2"
| #define PACKAGE_BUGREPORT "png-mng-implement@lists.sourceforge.net"
| #define PACKAGE_URL ""
| #define PACKAGE "libpng"
| #define VERSION "1.6.2"
| #define STDC_HEADERS 1
| #define HAVE_SYS_TYPES_H 1
| #define HAVE_SYS_STAT_H 1
| #define HAVE_STDLIB_H 1
| #define HAVE_STRING_H 1
| /* end confdefs.h.  */
| #include <stdio.h>
| #ifdef HAVE_SYS_TYPES_H
| # include <sys/types.h>
| #endif
| #ifdef HAVE_SYS_STAT_H
| # include <sys/stat.h>
| #endif
| #ifdef STDC_HEADERS
| # include <stdlib.h>
| # include <stddef.h>
| #else
| # ifdef HAVE_STDLIB_H
| #  include <stdlib.h>
| # endif
| #endif
| #ifdef HAVE_STRING_H
| # if !defined STDC_HEADERS && defined HAVE_MEMORY_H
| #  include <memory.h>
| # endif
| # include <string.h>
| #endif
| #ifdef HAVE_STRINGS_H
| # include <strings.h>
| #endif
| #ifdef HAVE_INTTYPES_H
| # include <inttypes.h>
| #endif
| #ifdef HAVE_STDINT_H
| # include <stdint.h>
| #endif
| #ifdef HAVE_UNISTD_H
| # include <unistd.h>
| #endif
| 
| #include <memory.h>
configure:7575: result: no
configure:7575: checking for strings.h
configure:7575: powerpc-eabi-gcc -c -g -O2 -I/c/devkitPro/portlibs/ppc/include conftest.c >&5
configure:7575: $? = 0
configure:7575: result: yes
configure:7575: checking for inttypes.h
configure:7575: powerpc-eabi-gcc -c -g -O2 -I/c/devkitPro/portlibs/ppc/include conftest.c >&5
configure:7575: $? = 0
configure:7575: result: yes
configure:7575: checking for stdint.h
configure:7575: powerpc-eabi-gcc -c -g -O2 -I/c/devkitPro/portlibs/ppc/include conftest.c >&5
configure:7575: $? = 0
configure:7575: result: yes
configure:7575: checking for unistd.h
configure:7575: powerpc-eabi-gcc -c -g -O2 -I/c/devkitPro/portlibs/ppc/include conftest.c >&5
configure:7575: $? = 0
configure:7575: result: yes
configure:7589: checking for dlfcn.h
configure:7589: powerpc-eabi-gcc -c -g -O2 -I/c/devkitPro/portlibs/ppc/include conftest.c >&5
conftest.c:54:19: fatal error: dlfcn.h: No such file or directory
compilation terminated.
configure:7589: $? = 1
configure: failed program was:
| /* confdefs.h */
| #define PACKAGE_NAME "libpng"
| #define PACKAGE_TARNAME "libpng"
| #define PACKAGE_VERSION "1.6.2"
| #define PACKAGE_STRING "libpng 1.6.2"
| #define PACKAGE_BUGREPORT "png-mng-implement@lists.sourceforge.net"
| #define PACKAGE_URL ""
| #define PACKAGE "libpng"
| #define VERSION "1.6.2"
| #define STDC_HEADERS 1
| #define HAVE_SYS_TYPES_H 1
| #define HAVE_SYS_STAT_H 1
| #define HAVE_STDLIB_H 1
| #define HAVE_STRING_H 1
| #define HAVE_STRINGS_H 1
| #define HAVE_INTTYPES_H 1
| #define HAVE_STDINT_H 1
| #define HAVE_UNISTD_H 1
| /* end confdefs.h.  */
| #include <stdio.h>
| #ifdef HAVE_SYS_TYPES_H
| # include <sys/types.h>
| #endif
| #ifdef HAVE_SYS_STAT_H
| # include <sys/stat.h>
| #endif
| #ifdef STDC_HEADERS
| # include <stdlib.h>
| # include <stddef.h>
| #else
| # ifdef HAVE_STDLIB_H
| #  include <stdlib.h>
| # endif
| #endif
| #ifdef HAVE_STRING_H
| # if !defined STDC_HEADERS && defined HAVE_MEMORY_H
| #  include <memory.h>
| # endif
| # include <string.h>
| #endif
| #ifdef HAVE_STRINGS_H
| # include <strings.h>
| #endif
| #ifdef HAVE_INTTYPES_H
| # include <inttypes.h>
| #endif
| #ifdef HAVE_STDINT_H
| # include <stdint.h>
| #endif
| #ifdef HAVE_UNISTD_H
| # include <unistd.h>
| #endif
| 
| #include <dlfcn.h>
configure:7589: result: no
configure:8093: checking for objdir
configure:8108: result: .libs
configure:8379: checking if powerpc-eabi-gcc supports -fno-rtti -fno-exceptions
configure:8397: powerpc-eabi-gcc -c -g -O2 -I/c/devkitPro/portlibs/ppc/include -fno-rtti -fno-exceptions conftest.c >&5
cc1.exe: warning: command line option '-fno-rtti' is valid for C++/ObjC++ but not for C [enabled by default]
configure:8401: $? = 0
configure:8414: result: no
configure:8741: checking for powerpc-eabi-gcc option to produce PIC
configure:8748: result: -fPIC -DPIC
configure:8756: checking if powerpc-eabi-gcc PIC flag -fPIC -DPIC works
configure:8774: powerpc-eabi-gcc -c -g -O2 -I/c/devkitPro/portlibs/ppc/include -fPIC -DPIC -DPIC conftest.c >&5
configure:8778: $? = 0
configure:8791: result: yes
configure:8820: checking if powerpc-eabi-gcc static flag -static works
configure:8848: result: yes
configure:8863: checking if powerpc-eabi-gcc supports -c -o file.o
configure:8884: powerpc-eabi-gcc -c -g -O2 -I/c/devkitPro/portlibs/ppc/include -o out/conftest2.o conftest.c >&5
configure:8888: $? = 0
configure:8910: result: yes
configure:8918: checking if powerpc-eabi-gcc supports -c -o file.o
configure:8965: result: yes
configure:8998: checking whether the powerpc-eabi-gcc linker (c:/devkitpro/devkitppc/powerpc-eabi/bin/ld.exe) supports shared libraries
configure:10151: result: yes
configure:10188: checking whether -lc should be explicitly linked in
configure:10196: powerpc-eabi-gcc -c -g -O2 -I/c/devkitPro/portlibs/ppc/include conftest.c >&5
configure:10199: $? = 0
configure:10214: powerpc-eabi-gcc -shared  -fPIC -DPIC conftest.o  -v -Wl,-soname -Wl,conftest -o conftest 2\>\&1 \| /bin/grep  -lc  \>/dev/null 2\>\&1
configure:10217: $? = 0
configure:10231: result: no
configure:10391: checking dynamic linker characteristics
configure:11124: result: no
configure:11231: checking how to hardcode library paths into programs
configure:11256: result: immediate
configure:11796: checking whether stripping libraries is possible
configure:11801: result: yes
configure:11836: checking if libtool supports shared libraries
configure:11838: result: no
configure:11841: checking whether to build shared libraries
configure:11862: result: no
configure:11865: checking whether to build static libraries
configure:11869: result: yes
configure:11910: checking that AWK works
configure:11916: result: ok
configure:11964: checking for ANSI C header files
configure:12068: result: yes
configure:12078: checking for an ANSI C-conforming const
configure:12144: powerpc-eabi-gcc -c -g -O2 -I/c/devkitPro/portlibs/ppc/include conftest.c >&5
configure:12144: $? = 0
configure:12151: result: yes
configure:12159: checking for size_t
configure:12159: powerpc-eabi-gcc -c -g -O2 -I/c/devkitPro/portlibs/ppc/include conftest.c >&5
configure:12159: $? = 0
configure:12159: powerpc-eabi-gcc -c -g -O2 -I/c/devkitPro/portlibs/ppc/include conftest.c >&5
conftest.c: In function 'main':
conftest.c:58:21: error: expected expression before ')' token
configure:12159: $? = 1
configure: failed program was:
| /* confdefs.h */
| #define PACKAGE_NAME "libpng"
| #define PACKAGE_TARNAME "libpng"
| #define PACKAGE_VERSION "1.6.2"
| #define PACKAGE_STRING "libpng 1.6.2"
| #define PACKAGE_BUGREPORT "png-mng-implement@lists.sourceforge.net"
| #define PACKAGE_URL ""
| #define PACKAGE "libpng"
| #define VERSION "1.6.2"
| #define STDC_HEADERS 1
| #define HAVE_SYS_TYPES_H 1
| #define HAVE_SYS_STAT_H 1
| #define HAVE_STDLIB_H 1
| #define HAVE_STRING_H 1
| #define HAVE_STRINGS_H 1
| #define HAVE_INTTYPES_H 1
| #define HAVE_STDINT_H 1
| #define HAVE_UNISTD_H 1
| #define LT_OBJDIR ".libs/"
| #define STDC_HEADERS 1
| /* end confdefs.h.  */
| #include <stdio.h>
| #ifdef HAVE_SYS_TYPES_H
| # include <sys/types.h>
| #endif
| #ifdef HAVE_SYS_STAT_H
| # include <sys/stat.h>
| #endif
| #ifdef STDC_HEADERS
| # include <stdlib.h>
| # include <stddef.h>
| #else
| # ifdef HAVE_STDLIB_H
| #  include <stdlib.h>
| # endif
| #endif
| #ifdef HAVE_STRING_H
| # if !defined STDC_HEADERS && defined HAVE_MEMORY_H
| #  include <memory.h>
| # endif
| # include <string.h>
| #endif
| #ifdef HAVE_STRINGS_H
| # include <strings.h>
| #endif
| #ifdef HAVE_INTTYPES_H
| # include <inttypes.h>
| #endif
| #ifdef HAVE_STDINT_H
| # include <stdint.h>
| #endif
| #ifdef HAVE_UNISTD_H
| # include <unistd.h>
| #endif
| int
| main ()
| {
| if (sizeof ((size_t)))
| 	    return 0;
|   ;
|   return 0;
| }
configure:12159: result: yes
configure:12170: checking whether struct tm is in sys/time.h or time.h
configure:12190: powerpc-eabi-gcc -c -g -O2 -I/c/devkitPro/portlibs/ppc/include conftest.c >&5
configure:12190: $? = 0
configure:12197: result: time.h
configure:12205: checking for C/C++ restrict keyword
configure:12230: powerpc-eabi-gcc -c -g -O2 -I/c/devkitPro/portlibs/ppc/include conftest.c >&5
configure:12230: $? = 0
configure:12238: result: __restrict
configure:12253: checking for working strtod
configure:12304: result: no
configure:12313: checking for pow
configure:12313: powerpc-eabi-gcc -o conftest -g -O2 -I/c/devkitPro/portlibs/ppc/include -L/c/devkitPro/portlibs/ppc/lib conftest.c  >&5
conftest.c:46:6: warning: conflicting types for built-in function 'pow' [enabled by default]
C:\Users\ADMINI~1\AppData\Local\Temp\ccmgAkOf.o: In function `main':
c:\libpng-1.6.2/conftest.c:57: undefined reference to `pow'
collect2: ld returned 1 exit status
configure:12313: $? = 1
configure: failed program was:
| /* confdefs.h */
| #define PACKAGE_NAME "libpng"
| #define PACKAGE_TARNAME "libpng"
| #define PACKAGE_VERSION "1.6.2"
| #define PACKAGE_STRING "libpng 1.6.2"
| #define PACKAGE_BUGREPORT "png-mng-implement@lists.sourceforge.net"
| #define PACKAGE_URL ""
| #define PACKAGE "libpng"
| #define VERSION "1.6.2"
| #define STDC_HEADERS 1
| #define HAVE_SYS_TYPES_H 1
| #define HAVE_SYS_STAT_H 1
| #define HAVE_STDLIB_H 1
| #define HAVE_STRING_H 1
| #define HAVE_STRINGS_H 1
| #define HAVE_INTTYPES_H 1
| #define HAVE_STDINT_H 1
| #define HAVE_UNISTD_H 1
| #define LT_OBJDIR ".libs/"
| #define STDC_HEADERS 1
| #define restrict __restrict
| /* end confdefs.h.  */
| /* Define pow to an innocuous variant, in case <limits.h> declares pow.
|    For example, HP-UX 11i <limits.h> declares gettimeofday.  */
| #define pow innocuous_pow
| 
| /* System header to define __stub macros and hopefully few prototypes,
|     which can conflict with char pow (); below.
|     Prefer <limits.h> to <assert.h> if __STDC__ is defined, since
|     <limits.h> exists even on freestanding compilers.  */
| 
| #ifdef __STDC__
| # include <limits.h>
| #else
| # include <assert.h>
| #endif
| 
| #undef pow
| 
| /* Override any GCC internal prototype to avoid an error.
|    Use char because int might match the return type of a GCC
|    builtin and then its argument prototype would still apply.  */
| #ifdef __cplusplus
| extern "C"
| #endif
| char pow ();
| /* The GNU C library defines this for functions which it implements
|     to always fail with ENOSYS.  Some functions are actually named
|     something starting with __ and the normal name is an alias.  */
| #if defined __stub_pow || defined __stub___pow
| choke me
| #endif
| 
| int
| main ()
| {
| return pow ();
|   ;
|   return 0;
| }
configure:12313: result: no
configure:12319: checking for pow in -lm
configure:12344: powerpc-eabi-gcc -o conftest -g -O2 -I/c/devkitPro/portlibs/ppc/include -L/c/devkitPro/portlibs/ppc/lib conftest.c -lm   >&5
conftest.c:30:6: warning: conflicting types for built-in function 'pow' [enabled by default]
configure:12344: $? = 0
configure:12353: result: yes
configure:12368: checking for memset
configure:12368: powerpc-eabi-gcc -o conftest -g -O2 -I/c/devkitPro/portlibs/ppc/include -L/c/devkitPro/portlibs/ppc/lib conftest.c  >&5
conftest.c:46:6: warning: conflicting types for built-in function 'memset' [enabled by default]
configure:12368: $? = 0
configure:12368: result: yes
configure:12381: checking for pow
configure:12381: result: no
configure:12388: checking for pow in -lm
configure:12422: result: yes
configure:12446: checking for zlibVersion in -lz
configure:12471: powerpc-eabi-gcc -o conftest -g -O2 -I/c/devkitPro/portlibs/ppc/include -L/c/devkitPro/portlibs/ppc/lib conftest.c -lz  -lm  >&5
configure:12471: $? = 0
configure:12480: result: yes
configure:12545: checking for feenableexcept in -lm
configure:12570: powerpc-eabi-gcc -o conftest -g -O2 -I/c/devkitPro/portlibs/ppc/include -L/c/devkitPro/portlibs/ppc/lib conftest.c -lm  -lz -lm  >&5
C:\Users\ADMINI~1\AppData\Local\Temp\ccGrbGKe.o: In function `main':
c:\libpng-1.6.2/conftest.c:37: undefined reference to `feenableexcept'
collect2: ld returned 1 exit status
configure:12570: $? = 1
configure: failed program was:
| /* confdefs.h */
| #define PACKAGE_NAME "libpng"
| #define PACKAGE_TARNAME "libpng"
| #define PACKAGE_VERSION "1.6.2"
| #define PACKAGE_STRING "libpng 1.6.2"
| #define PACKAGE_BUGREPORT "png-mng-implement@lists.sourceforge.net"
| #define PACKAGE_URL ""
| #define PACKAGE "libpng"
| #define VERSION "1.6.2"
| #define STDC_HEADERS 1
| #define HAVE_SYS_TYPES_H 1
| #define HAVE_SYS_STAT_H 1
| #define HAVE_STDLIB_H 1
| #define HAVE_STRING_H 1
| #define HAVE_STRINGS_H 1
| #define HAVE_INTTYPES_H 1
| #define HAVE_STDINT_H 1
| #define HAVE_UNISTD_H 1
| #define LT_OBJDIR ".libs/"
| #define STDC_HEADERS 1
| #define restrict __restrict
| #define HAVE_MEMSET 1
| #define HAVE_LIBM 1
| #define HAVE_LIBZ 1
| /* end confdefs.h.  */
| 
| /* Override any GCC internal prototype to avoid an error.
|    Use char because int might match the return type of a GCC
|    builtin and then its argument prototype would still apply.  */
| #ifdef __cplusplus
| extern "C"
| #endif
| char feenableexcept ();
| int
| main ()
| {
| return feenableexcept ();
|   ;
|   return 0;
| }
configure:12579: result: no
configure:12592: checking for feenableexcept
configure:12592: powerpc-eabi-gcc -o conftest -g -O2 -I/c/devkitPro/portlibs/ppc/include -L/c/devkitPro/portlibs/ppc/lib conftest.c -lz -lm  >&5
C:\Users\ADMINI~1\AppData\Local\Temp\ccux1zu2.o: In function `main':
c:\libpng-1.6.2/conftest.c:60: undefined reference to `feenableexcept'
collect2: ld returned 1 exit status
configure:12592: $? = 1
configure: failed program was:
| /* confdefs.h */
| #define PACKAGE_NAME "libpng"
| #define PACKAGE_TARNAME "libpng"
| #define PACKAGE_VERSION "1.6.2"
| #define PACKAGE_STRING "libpng 1.6.2"
| #define PACKAGE_BUGREPORT "png-mng-implement@lists.sourceforge.net"
| #define PACKAGE_URL ""
| #define PACKAGE "libpng"
| #define VERSION "1.6.2"
| #define STDC_HEADERS 1
| #define HAVE_SYS_TYPES_H 1
| #define HAVE_SYS_STAT_H 1
| #define HAVE_STDLIB_H 1
| #define HAVE_STRING_H 1
| #define HAVE_STRINGS_H 1
| #define HAVE_INTTYPES_H 1
| #define HAVE_STDINT_H 1
| #define HAVE_UNISTD_H 1
| #define LT_OBJDIR ".libs/"
| #define STDC_HEADERS 1
| #define restrict __restrict
| #define HAVE_MEMSET 1
| #define HAVE_LIBM 1
| #define HAVE_LIBZ 1
| /* end confdefs.h.  */
| /* Define feenableexcept to an innocuous variant, in case <limits.h> declares feenableexcept.
|    For example, HP-UX 11i <limits.h> declares gettimeofday.  */
| #define feenableexcept innocuous_feenableexcept
| 
| /* System header to define __stub macros and hopefully few prototypes,
|     which can conflict with char feenableexcept (); below.
|     Prefer <limits.h> to <assert.h> if __STDC__ is defined, since
|     <limits.h> exists even on freestanding compilers.  */
| 
| #ifdef __STDC__
| # include <limits.h>
| #else
| # include <assert.h>
| #endif
| 
| #undef feenableexcept
| 
| /* Override any GCC internal prototype to avoid an error.
|    Use char because int might match the return type of a GCC
|    builtin and then its argument prototype would still apply.  */
| #ifdef __cplusplus
| extern "C"
| #endif
| char feenableexcept ();
| /* The GNU C library defines this for functions which it implements
|     to always fail with ENOSYS.  Some functions are actually named
|     something starting with __ and the normal name is an alias.  */
| #if defined __stub_feenableexcept || defined __stub___feenableexcept
| choke me
| #endif
| 
| int
| main ()
| {
| return feenableexcept ();
|   ;
|   return 0;
| }
configure:12592: result: no
configure:12602: checking if using Solaris linker
configure:12611: result: no
configure:12623: checking if libraries can be versioned
configure:12644: result: yes
configure:12666: checking for symbol prefix
configure:12673: result: 
configure:12695: pkgconfig directory is ${libdir}/pkgconfig
configure:12774: Extra options for compiler: 
configure:12892: checking that generated files are newer than configure
configure:12898: result: done
configure:12945: creating ./config.status

## ---------------------- ##
## Running config.status. ##
## ---------------------- ##

This file was extended by libpng config.status 1.6.2, which was
generated by GNU Autoconf 2.69.  Invocation command line was

  CONFIG_FILES    = 
  CONFIG_HEADERS  = 
  CONFIG_LINKS    = 
  CONFIG_COMMANDS = 
  $ ./config.status 

on FIX94-PC

config.status:1112: creating Makefile
config.status:1112: creating libpng.pc
config.status:1112: creating libpng-config
config.status:1112: creating config.h
config.status:1341: executing depfiles commands
config.status:1341: executing libtool commands

## ---------------- ##
## Cache variables. ##
## ---------------- ##

ac_cv_build=i686-pc-mingw32
ac_cv_c_compiler_gnu=yes
ac_cv_c_const=yes
ac_cv_c_restrict=__restrict
ac_cv_env_CCASFLAGS_set=
ac_cv_env_CCASFLAGS_value=
ac_cv_env_CCAS_set=
ac_cv_env_CCAS_value=
ac_cv_env_CC_set=
ac_cv_env_CC_value=
ac_cv_env_CFLAGS_set=
ac_cv_env_CFLAGS_value=
ac_cv_env_CPPFLAGS_set=set
ac_cv_env_CPPFLAGS_value=-I/c/devkitPro/portlibs/ppc/include
ac_cv_env_CPP_set=
ac_cv_env_CPP_value=
ac_cv_env_LDFLAGS_set=set
ac_cv_env_LDFLAGS_value=-L/c/devkitPro/portlibs/ppc/lib
ac_cv_env_LIBS_set=
ac_cv_env_LIBS_value=
ac_cv_env_PNG_COPTS_set=
ac_cv_env_PNG_COPTS_value=
ac_cv_env_build_alias_set=
ac_cv_env_build_alias_value=
ac_cv_env_host_alias_set=set
ac_cv_env_host_alias_value=powerpc-eabi
ac_cv_env_target_alias_set=
ac_cv_env_target_alias_value=
ac_cv_func_feenableexcept=no
ac_cv_func_memset=yes
ac_cv_func_pow=no
ac_cv_func_strtod=no
ac_cv_header_dlfcn_h=no
ac_cv_header_inttypes_h=yes
ac_cv_header_memory_h=no
ac_cv_header_stdc=yes
ac_cv_header_stdint_h=yes
ac_cv_header_stdlib_h=yes
ac_cv_header_string_h=yes
ac_cv_header_strings_h=yes
ac_cv_header_sys_stat_h=yes
ac_cv_header_sys_types_h=yes
ac_cv_header_unistd_h=yes
ac_cv_host=powerpc-unknown-eabi
ac_cv_lib_m_feenableexcept=no
ac_cv_lib_m_pow=yes
ac_cv_lib_z_zlibVersion=yes
ac_cv_objext=o
ac_cv_path_EGREP='/bin/grep -E'
ac_cv_path_FGREP='/bin/grep -F'
ac_cv_path_GREP=/bin/grep
ac_cv_path_SED=/bin/sed
ac_cv_path_install='/bin/install -c'
ac_cv_path_mkdir=/bin/mkdir
ac_cv_prog_AR=powerpc-eabi-ar
ac_cv_prog_AWK=gawk
ac_cv_prog_CC=powerpc-eabi-gcc
ac_cv_prog_CPP='powerpc-eabi-gcc -E'
ac_cv_prog_OBJDUMP=powerpc-eabi-objdump
ac_cv_prog_RANLIB=powerpc-eabi-ranlib
ac_cv_prog_STRIP=powerpc-eabi-strip
ac_cv_prog_ac_ct_DLLTOOL=dlltool
ac_cv_prog_cc_c89=
ac_cv_prog_cc_g=yes
ac_cv_prog_make_make_set=yes
ac_cv_struct_tm=time.h
ac_cv_type_size_t=yes
am_cv_CCAS_dependencies_compiler_type=gcc3
am_cv_CC_dependencies_compiler_type=gcc3
am_cv_make_support_nested_variables=yes
lt_cv_ar_at_file=@
lt_cv_archive_cmds_need_lc=no
lt_cv_deplibs_check_method=unknown
lt_cv_file_magic_cmd='$MAGIC_CMD'
lt_cv_file_magic_test_file=
lt_cv_ld_reload_flag=-r
lt_cv_nm_interface='BSD nm'
lt_cv_objdir=.libs
lt_cv_path_LD=c:/devkitpro/devkitppc/powerpc-eabi/bin/ld.exe
lt_cv_path_NM=/c/devkitpro/devkitPPC/bin/powerpc-eabi-nm
lt_cv_path_mainfest_tool=no
lt_cv_prog_compiler_c_o=yes
lt_cv_prog_compiler_pic='-fPIC -DPIC'
lt_cv_prog_compiler_pic_works=yes
lt_cv_prog_compiler_rtti_exceptions=no
lt_cv_prog_compiler_static_works=yes
lt_cv_prog_gnu_ld=yes
lt_cv_sharedlib_from_linklib_cmd='printf %s\n'
lt_cv_sys_global_symbol_pipe='sed -n -e '\''s/^.*[	 ]\([ABCDGIRSTW][ABCDGIRSTW]*\)[	 ][	 ]*\([_A-Za-z][_A-Za-z0-9]*\)\{0,1\}$/\1 \2 \2/p'\'' | sed '\''/ __gnu_lto/d'\'''
lt_cv_sys_global_symbol_to_c_name_address='sed -n -e '\''s/^: \([^ ]*\)[ ]*$/  {\"\1\", (void *) 0},/p'\'' -e '\''s/^[ABCDGIRSTW]* \([^ ]*\) \([^ ]*\)$/  {"\2", (void *) \&\2},/p'\'''
lt_cv_sys_global_symbol_to_c_name_address_lib_prefix='sed -n -e '\''s/^: \([^ ]*\)[ ]*$/  {\"\1\", (void *) 0},/p'\'' -e '\''s/^[ABCDGIRSTW]* \([^ ]*\) \(lib[^ ]*\)$/  {"\2", (void *) \&\2},/p'\'' -e '\''s/^[ABCDGIRSTW]* \([^ ]*\) \([^ ]*\)$/  {"lib\2", (void *) \&\2},/p'\'''
lt_cv_sys_global_symbol_to_cdecl='sed -n -e '\''s/^T .* \(.*\)$/extern int \1();/p'\'' -e '\''s/^[ABCDGIRSTW]* .* \(.*\)$/extern char \1;/p'\'''
lt_cv_sys_max_cmd_len=8192
lt_cv_to_host_file_cmd=func_convert_file_noop
lt_cv_to_tool_file_cmd=func_convert_file_noop

## ----------------- ##
## Output variables. ##
## ----------------- ##

ACLOCAL='${SHELL} /c/libpng-1.6.2/missing aclocal-1.13'
AMDEPBACKSLASH='\'
AMDEP_FALSE='#'
AMDEP_TRUE=''
AMTAR='$${TAR-tar}'
AM_BACKSLASH='\'
AM_CCASFLAGS='-Wa,--noexecstack'
AM_DEFAULT_V='$(AM_DEFAULT_VERBOSITY)'
AM_DEFAULT_VERBOSITY='1'
AM_V='$(V)'
AR='powerpc-eabi-ar'
AS='as'
AUTOCONF='${SHELL} /c/libpng-1.6.2/missing autoconf'
AUTOHEADER='${SHELL} /c/libpng-1.6.2/missing autoheader'
AUTOMAKE='${SHELL} /c/libpng-1.6.2/missing automake-1.13'
AWK='gawk'
CC='powerpc-eabi-gcc'
CCAS='powerpc-eabi-gcc'
CCASDEPMODE='depmode=gcc3'
CCASFLAGS='-g -O2'
CCDEPMODE='depmode=gcc3'
CFLAGS='-g -O2'
CPP='powerpc-eabi-gcc -E'
CPPFLAGS='-I/c/devkitPro/portlibs/ppc/include'
CYGPATH_W='echo'
DEFS='-DHAVE_CONFIG_H'
DEPDIR='.deps'
DFNCPP='powerpc-eabi-gcc -E'
DLLTOOL='dlltool'
DO_PNG_PREFIX_FALSE=''
DO_PNG_PREFIX_TRUE='#'
DSYMUTIL=''
DUMPBIN=''
ECHO_C=''
ECHO_N='-n'
ECHO_T=''
EGREP='/bin/grep -E'
EXEEXT=''
FGREP='/bin/grep -F'
GREP='/bin/grep'
HAVE_LD_VERSION_SCRIPT_FALSE='#'
HAVE_LD_VERSION_SCRIPT_TRUE=''
HAVE_SOLARIS_LD_FALSE=''
HAVE_SOLARIS_LD_TRUE='#'
INSTALL_DATA='${INSTALL} -m 644'
INSTALL_PROGRAM='${INSTALL}'
INSTALL_SCRIPT='${INSTALL}'
INSTALL_STRIP_PROGRAM='$(install_sh) -c -s'
LD='c:/devkitpro/devkitppc/powerpc-eabi/bin/ld.exe'
LDFLAGS='-L/c/devkitPro/portlibs/ppc/lib'
LIBOBJS=' ${LIBOBJDIR}strtod$U.o'
LIBS='-lz -lm '
LIBTOOL='$(SHELL) $(top_builddir)/libtool'
LIPO=''
LN_S='cp -pR'
LTLIBOBJS=' ${LIBOBJDIR}strtod$U.lo'
MAINT='#'
MAINTAINER_MODE_FALSE=''
MAINTAINER_MODE_TRUE='#'
MAKEINFO='${SHELL} /c/libpng-1.6.2/missing makeinfo'
MANIFEST_TOOL=':'
MKDIR_P='/bin/mkdir -p'
NM='/c/devkitpro/devkitPPC/bin/powerpc-eabi-nm'
NMEDIT=''
OBJDUMP='powerpc-eabi-objdump'
OBJEXT='o'
OTOOL64=''
OTOOL=''
PACKAGE='libpng'
PACKAGE_BUGREPORT='png-mng-implement@lists.sourceforge.net'
PACKAGE_NAME='libpng'
PACKAGE_STRING='libpng 1.6.2'
PACKAGE_TARNAME='libpng'
PACKAGE_URL=''
PACKAGE_VERSION='1.6.2'
PATH_SEPARATOR=':'
PNGLIB_MAJOR='1'
PNGLIB_MINOR='6'
PNGLIB_RELEASE='2'
PNGLIB_VERSION='1.6.2'
PNG_ARM_NEON_FALSE=''
PNG_ARM_NEON_TRUE='#'
PNG_COPTS=''
PNG_PREFIX=''
POW_LIB='-lm'
RANLIB='powerpc-eabi-ranlib'
SED='/bin/sed'
SET_MAKE=''
SHELL='/bin/sh'
STRIP='powerpc-eabi-strip'
SYMBOL_PREFIX=''
VERSION='1.6.2'
ac_ct_AR=''
ac_ct_CC=''
ac_ct_DUMPBIN=''
am__EXEEXT_FALSE=''
am__EXEEXT_TRUE='#'
am__fastdepCCAS_FALSE='#'
am__fastdepCCAS_TRUE=''
am__fastdepCC_FALSE='#'
am__fastdepCC_TRUE=''
am__include='include'
am__isrc=''
am__leading_dot='.'
am__nodep='_no'
am__quote=''
am__tar='$${TAR-tar} chof - "$$tardir"'
am__untar='$${TAR-tar} xf -'
binconfigs='${binconfigs}'
bindir='${exec_prefix}/bin'
build='i686-pc-mingw32'
build_alias=''
build_cpu='i686'
build_os='mingw32'
build_vendor='pc'
datadir='${datarootdir}'
datarootdir='${prefix}/share'
docdir='${datarootdir}/doc/${PACKAGE_TARNAME}'
dvidir='${docdir}'
exec_prefix='${prefix}'
host='powerpc-unknown-eabi'
host_alias='powerpc-eabi'
host_cpu='powerpc'
host_os='eabi'
host_vendor='unknown'
htmldir='${docdir}'
includedir='${prefix}/include'
infodir='${datarootdir}/info'
install_sh='${SHELL} /c/libpng-1.6.2/install-sh'
libdir='${exec_prefix}/lib'
libexecdir='${exec_prefix}/libexec'
localedir='${datarootdir}/locale'
localstatedir='${prefix}/var'
mandir='${datarootdir}/man'
mkdir_p='$(MKDIR_P)'
oldincludedir='/usr/include'
pdfdir='${docdir}'
pkgconfigdir='${libdir}/pkgconfig'
prefix='/c/devkitPro/portlibs/ppc'
program_transform_name='s,x,x,'
psdir='${docdir}'
sbindir='${exec_prefix}/sbin'
sharedstatedir='${prefix}/com'
sysconfdir='${prefix}/etc'
target_alias=''

## ----------- ##
## confdefs.h. ##
## ----------- ##

/* confdefs.h */
#define PACKAGE_NAME "libpng"
#define PACKAGE_TARNAME "libpng"
#define PACKAGE_VERSION "1.6.2"
#define PACKAGE_STRING "libpng 1.6.2"
#define PACKAGE_BUGREPORT "png-mng-implement@lists.sourceforge.net"
#define PACKAGE_URL ""
#define PACKAGE "libpng"
#define VERSION "1.6.2"
#define STDC_HEADERS 1
#define HAVE_SYS_TYPES_H 1
#define HAVE_SYS_STAT_H 1
#define HAVE_STDLIB_H 1
#define HAVE_STRING_H 1
#define HAVE_STRINGS_H 1
#define HAVE_INTTYPES_H 1
#define HAVE_STDINT_H 1
#define HAVE_UNISTD_H 1
#define LT_OBJDIR ".libs/"
#define STDC_HEADERS 1
#define restrict __restrict
#define HAVE_MEMSET 1
#define HAVE_LIBM 1
#define HAVE_LIBZ 1

configure: exit 0
