This file contains any messages produced by compilers while
running configure, to aid debugging if configure makes a mistake.

It was created by libjpeg-turbo configure 1.3.1, which was
generated by GNU Autoconf 2.68.  Invocation command line was

  $ ./configure --without-simd --without-arith-enc --without-arith-dec --prefix=/c/devkitPro/portlibs/ppc --host=powerpc-eabi --disable-shared --enable-static

## --------- ##
## Platform. ##
## --------- ##

hostname = FIX94-PC
uname -m = i686
uname -r = 1.0.18(0.48/3/2)
uname -s = MINGW32_NT-6.1
uname -v = 2012-11-21 22:34

/usr/bin/uname -p = unknown
/bin/uname -X     = unknown

/bin/arch              = unknown
/usr/bin/arch -k       = unknown
/usr/convex/getsysinfo = unknown
/usr/bin/hostinfo      = unknown
/bin/machine           = unknown
/usr/bin/oslevel       = unknown
/bin/universe          = unknown

PATH: .
PATH: /usr/local/bin
PATH: /mingw/bin
PATH: /bin
PATH: /c/Tools
PATH: /c/Windows
PATH: /c/Windows/System32
PATH: /c/Windows/System32/Wbem
PATH: /c/MinGW/bin
PATH: /usr/bin
PATH: /c/Python27
PATH: /c/Python27/Scripts
PATH: /c/devkitPro/devkitPPC/bin
PATH: /c/Program Files/Java/jdk1.7.0_51/bin
PATH: /c/Program Files/7-Zip
PATH: /c/Program Files (x86)/Git/cmd
PATH: /c/Program Files/TortoiseGit/bin
PATH: /c/Program Files/TortoiseSVN/bin
PATH: /c/Program Files/D3DGear
PATH: /c/Program Files (x86)/QT Lite/QTSystem
PATH: /c/Program Files (x86)/CMake 2.8/bin
PATH: /c/Program Files/nodejs/
PATH: /c/Android
PATH: /c/Program Files (x86)/ATI Technologies/ATI.ACE/Core-Static
PATH: /c/Program Files (x86)/AMD APP/bin/x86_64
PATH: /c/Program Files/Common Files/Microsoft Shared/Windows Live
PATH: /c/Program Files (x86)/FileVerifier++/
PATH: /c/Users/Administrator/Desktop/Programs/virtualdub_encoders/muxer/GPAC
PATH: /c/Users/Administrator/AppData/Roaming/npm


## ----------- ##
## Core tests. ##
## ----------- ##

configure:2611: checking for a BSD-compatible install
configure:2679: result: /bin/install -c
configure:2690: checking whether build environment is sane
configure:2740: result: yes
configure:2789: checking for powerpc-eabi-strip
configure:2805: found /c/devkitPro/devkitPPC/bin/powerpc-eabi-strip
configure:2816: result: powerpc-eabi-strip
configure:2881: checking for a thread-safe mkdir -p
configure:2920: result: /bin/mkdir -p
configure:2933: checking for gawk
configure:2949: found /bin/gawk
configure:2960: result: gawk
configure:2971: checking whether make sets $(MAKE)
configure:2993: result: yes
configure:3108: checking for style of include used by make
configure:3136: result: GNU
configure:3166: checking for powerpc-eabi-gcc
configure:3182: found /c/devkitPro/devkitPPC/bin/powerpc-eabi-gcc
configure:3193: result: powerpc-eabi-gcc
configure:3462: checking for C compiler version
configure:3471: powerpc-eabi-gcc --version >&5
powerpc-eabi-gcc.exe (devkitPPC release 26) 4.6.3
Copyright (C) 2011 Free Software Foundation, Inc.
This is free software; see the source for copying conditions.  There is NO
warranty; not even for MERCHANTABILITY or FITNESS FOR A PARTICULAR PURPOSE.

configure:3482: $? = 0
configure:3471: powerpc-eabi-gcc -v >&5
Using built-in specs.
COLLECT_GCC=c:\devkitPro\devkitPPC\bin\powerpc-eabi-gcc.exe
COLLECT_LTO_WRAPPER=c:/devkitpro/devkitppc/bin/../libexec/gcc/powerpc-eabi/4.6.3/lto-wrapper.exe
Target: powerpc-eabi
Configured with: ../../gcc-4.6.3/configure --enable-languages=c,c++,objc --enable-lto --with-cpu=750 --disable-nls --disable-shared --enable-threads --disable-multilib --disable-win32-registry --disable-libstdcxx-pch --target=powerpc-eabi --with-newlib --with-headers=../../newlib-1.20.0/newlib/libc/include --prefix=/opt/devkitpro/i686-w64-mingw32/devkitPPC --disable-dependency-tracking --with-bugurl=http://wiki.devkitpro.org/index.php/Bug_Reports --with-pkgversion='devkitPPC release 26' --build=x86_64-unknown-linux-gnu --host=i686-w64-mingw32
Thread model: single
gcc version 4.6.3 (devkitPPC release 26) 
configure:3482: $? = 0
configure:3471: powerpc-eabi-gcc -V >&5
powerpc-eabi-gcc.exe: error: unrecognized option '-V'
powerpc-eabi-gcc.exe: fatal error: no input files
compilation terminated.
configure:3482: $? = 1
configure:3471: powerpc-eabi-gcc -qversion >&5
powerpc-eabi-gcc.exe: error: unrecognized option '-qversion'
powerpc-eabi-gcc.exe: fatal error: no input files
compilation terminated.
configure:3482: $? = 1
configure:3502: checking whether the C compiler works
configure:3524: powerpc-eabi-gcc    conftest.c  >&5
configure:3528: $? = 0
configure:3576: result: yes
configure:3579: checking for C compiler default output file name
configure:3581: result: a.out
configure:3587: checking for suffix of executables
configure:3594: powerpc-eabi-gcc -o conftest    conftest.c  >&5
configure:3598: $? = 0
configure:3620: result: 
configure:3642: checking whether we are cross compiling
configure:3650: powerpc-eabi-gcc -o conftest    conftest.c  >&5
configure:3654: $? = 0
configure:3661: ./conftest
./conftest: ./conftest: cannot execute binary file
configure:3665: $? = 126
configure:3680: result: yes
configure:3685: checking for suffix of object files
configure:3707: powerpc-eabi-gcc -c   conftest.c >&5
configure:3711: $? = 0
configure:3732: result: o
configure:3736: checking whether we are using the GNU C compiler
configure:3755: powerpc-eabi-gcc -c   conftest.c >&5
configure:3755: $? = 0
configure:3764: result: yes
configure:3773: checking whether powerpc-eabi-gcc accepts -g
configure:3793: powerpc-eabi-gcc -c -g  conftest.c >&5
configure:3793: $? = 0
configure:3834: result: yes
configure:3851: checking for powerpc-eabi-gcc option to accept ISO C89
configure:3915: powerpc-eabi-gcc  -c -g -O2  conftest.c >&5
configure:3915: $? = 0
configure:3928: result: none needed
configure:3950: checking dependency style of powerpc-eabi-gcc
configure:4060: result: gcc3
configure:4080: checking how to run the C preprocessor
configure:4111: powerpc-eabi-gcc -E  conftest.c
configure:4111: $? = 0
configure:4125: powerpc-eabi-gcc -E  conftest.c
conftest.c:12:28: fatal error: ac_nonexistent.h: No such file or directory
compilation terminated.
configure:4125: $? = 1
configure: failed program was:
| /* confdefs.h */
| #define PACKAGE_NAME "libjpeg-turbo"
| #define PACKAGE_TARNAME "libjpeg-turbo"
| #define PACKAGE_VERSION "1.3.1"
| #define PACKAGE_STRING "libjpeg-turbo 1.3.1"
| #define PACKAGE_BUGREPORT ""
| #define PACKAGE_URL ""
| #define PACKAGE "libjpeg-turbo"
| #define VERSION "1.3.1"
| #define HAVE_PROTOTYPES 1
| /* end confdefs.h.  */
| #include <ac_nonexistent.h>
configure:4150: result: powerpc-eabi-gcc -E
configure:4170: powerpc-eabi-gcc -E  conftest.c
configure:4170: $? = 0
configure:4184: powerpc-eabi-gcc -E  conftest.c
conftest.c:12:28: fatal error: ac_nonexistent.h: No such file or directory
compilation terminated.
configure:4184: $? = 1
configure: failed program was:
| /* confdefs.h */
| #define PACKAGE_NAME "libjpeg-turbo"
| #define PACKAGE_TARNAME "libjpeg-turbo"
| #define PACKAGE_VERSION "1.3.1"
| #define PACKAGE_STRING "libjpeg-turbo 1.3.1"
| #define PACKAGE_BUGREPORT ""
| #define PACKAGE_URL ""
| #define PACKAGE "libjpeg-turbo"
| #define VERSION "1.3.1"
| #define HAVE_PROTOTYPES 1
| /* end confdefs.h.  */
| #include <ac_nonexistent.h>
configure:4220: checking for powerpc-eabi-gcc
configure:4247: result: powerpc-eabi-gcc
configure:4516: checking for C compiler version
configure:4525: powerpc-eabi-gcc --version >&5
powerpc-eabi-gcc.exe (devkitPPC release 26) 4.6.3
Copyright (C) 2011 Free Software Foundation, Inc.
This is free software; see the source for copying conditions.  There is NO
warranty; not even for MERCHANTABILITY or FITNESS FOR A PARTICULAR PURPOSE.

configure:4536: $? = 0
configure:4525: powerpc-eabi-gcc -v >&5
Using built-in specs.
COLLECT_GCC=c:\devkitPro\devkitPPC\bin\powerpc-eabi-gcc.exe
COLLECT_LTO_WRAPPER=c:/devkitpro/devkitppc/bin/../libexec/gcc/powerpc-eabi/4.6.3/lto-wrapper.exe
Target: powerpc-eabi
Configured with: ../../gcc-4.6.3/configure --enable-languages=c,c++,objc --enable-lto --with-cpu=750 --disable-nls --disable-shared --enable-threads --disable-multilib --disable-win32-registry --disable-libstdcxx-pch --target=powerpc-eabi --with-newlib --with-headers=../../newlib-1.20.0/newlib/libc/include --prefix=/opt/devkitpro/i686-w64-mingw32/devkitPPC --disable-dependency-tracking --with-bugurl=http://wiki.devkitpro.org/index.php/Bug_Reports --with-pkgversion='devkitPPC release 26' --build=x86_64-unknown-linux-gnu --host=i686-w64-mingw32
Thread model: single
gcc version 4.6.3 (devkitPPC release 26) 
configure:4536: $? = 0
configure:4525: powerpc-eabi-gcc -V >&5
powerpc-eabi-gcc.exe: error: unrecognized option '-V'
powerpc-eabi-gcc.exe: fatal error: no input files
compilation terminated.
configure:4536: $? = 1
configure:4525: powerpc-eabi-gcc -qversion >&5
powerpc-eabi-gcc.exe: error: unrecognized option '-qversion'
powerpc-eabi-gcc.exe: fatal error: no input files
compilation terminated.
configure:4536: $? = 1
configure:4540: checking whether we are using the GNU C compiler
configure:4568: result: yes
configure:4577: checking whether powerpc-eabi-gcc accepts -g
configure:4638: result: yes
configure:4655: checking for powerpc-eabi-gcc option to accept ISO C89
configure:4732: result: none needed
configure:4754: checking dependency style of powerpc-eabi-gcc
configure:4864: result: gcc3
configure:4889: checking dependency style of powerpc-eabi-gcc
configure:4997: result: gcc3
configure:5013: checking whether powerpc-eabi-gcc and cc understand -c and -o together
configure:5044: powerpc-eabi-gcc -c conftest.c -o conftest2.o >&5
configure:5048: $? = 0
configure:5054: powerpc-eabi-gcc -c conftest.c -o conftest2.o >&5
configure:5058: $? = 0
configure:5069: cc -c conftest.c >&5
configure:5073: $? = 0
configure:5081: cc -c conftest.c -o conftest2.o >&5
configure:5085: $? = 0
configure:5091: cc -c conftest.c -o conftest2.o >&5
configure:5095: $? = 0
configure:5113: result: yes
configure:5168: checking build system type
configure:5182: result: i686-pc-mingw32
configure:5202: checking host system type
configure:5215: result: powerpc-unknown-eabi
configure:5256: checking how to print strings
configure:5283: result: printf
configure:5304: checking for a sed that does not truncate output
configure:5368: result: /bin/sed
configure:5386: checking for grep that handles long lines and -e
configure:5444: result: /bin/grep
configure:5449: checking for egrep
configure:5511: result: /bin/grep -E
configure:5516: checking for fgrep
configure:5578: result: /bin/grep -F
configure:5613: checking for ld used by powerpc-eabi-gcc
configure:5680: result: c:/devkitpro/devkitppc/powerpc-eabi/bin/ld.exe
configure:5687: checking if the linker (c:/devkitpro/devkitppc/powerpc-eabi/bin/ld.exe) is GNU ld
configure:5702: result: yes
configure:5714: checking for BSD- or MS-compatible name lister (nm)
configure:5763: result: /c/devkitPro/devkitPPC/bin/powerpc-eabi-nm
configure:5893: checking the name lister (/c/devkitPro/devkitPPC/bin/powerpc-eabi-nm) interface
configure:5900: powerpc-eabi-gcc -c -g -O2  conftest.c >&5
configure:5903: /c/devkitPro/devkitPPC/bin/powerpc-eabi-nm "conftest.o"
configure:5906: output
00000000 S some_variable
configure:5913: result: BSD nm
configure:5916: checking whether ln -s works
configure:5923: result: no, using cp -p
configure:5928: checking the maximum length of command line arguments
configure:6053: result: 8192
configure:6070: checking whether the shell understands some XSI constructs
configure:6080: result: yes
configure:6084: checking whether the shell understands "+="
configure:6090: result: yes
configure:6125: checking how to convert i686-pc-mingw32 file names to powerpc-unknown-eabi format
configure:6187: result: func_convert_file_noop
configure:6194: checking how to convert i686-pc-mingw32 file names to toolchain format
configure:6214: result: func_convert_file_noop
configure:6221: checking for c:/devkitpro/devkitppc/powerpc-eabi/bin/ld.exe option to reload object files
configure:6228: result: -r
configure:6262: checking for powerpc-eabi-objdump
configure:6278: found /c/devkitPro/devkitPPC/bin/powerpc-eabi-objdump
configure:6289: result: powerpc-eabi-objdump
configure:6361: checking how to recognize dependent libraries
configure:6563: result: unknown
configure:6608: checking for powerpc-eabi-dlltool
configure:6638: result: no
configure:6648: checking for dlltool
configure:6664: found /c/MinGW/bin/dlltool
configure:6675: result: dlltool
configure:6687: WARNING: using cross tools not prefixed with host triplet
configure:6708: checking how to associate runtime and link libraries
configure:6735: result: printf %s\n
configure:6752: checking for powerpc-eabi-ar
configure:6768: found /c/devkitPro/devkitPPC/bin/powerpc-eabi-ar
configure:6779: result: powerpc-eabi-ar
configure:6860: checking for archiver @FILE support
configure:6877: powerpc-eabi-gcc -c -g -O2  conftest.c >&5
configure:6877: $? = 0
configure:6880: powerpc-eabi-ar cru libconftest.a @conftest.lst >&5
configure:6883: $? = 0
configure:6888: powerpc-eabi-ar cru libconftest.a @conftest.lst >&5
c:\devkitPro\devkitPPC\bin\powerpc-eabi-ar.exe: conftest.o: No such file or directory
configure:6891: $? = 1
configure:6903: result: @
configure:6921: checking for powerpc-eabi-strip
configure:6948: result: powerpc-eabi-strip
configure:7020: checking for powerpc-eabi-ranlib
configure:7036: found /c/devkitPro/devkitPPC/bin/powerpc-eabi-ranlib
configure:7047: result: powerpc-eabi-ranlib
configure:7189: checking command to parse /c/devkitPro/devkitPPC/bin/powerpc-eabi-nm output from powerpc-eabi-gcc object
configure:7308: powerpc-eabi-gcc -c -g -O2  conftest.c >&5
configure:7311: $? = 0
configure:7315: /c/devkitPro/devkitPPC/bin/powerpc-eabi-nm conftest.o \| sed -n -e 's/^.*[ ]\([ABCDGIRSTW][ABCDGIRSTW]*\)[ ][ ]*\([_A-Za-z][_A-Za-z0-9]*\)\{0,1\}$/\1 \2 \2/p' | sed '/ __gnu_lto/d' \> conftest.nm
configure:7318: $? = 0
configure:7384: powerpc-eabi-gcc -o conftest -g -O2   conftest.c conftstm.o >&5
configure:7387: $? = 0
configure:7425: result: ok
configure:7462: checking for sysroot
configure:7492: result: no
configure:7695: checking for powerpc-eabi-mt
configure:7725: result: no
configure:7735: checking for mt
configure:7765: result: no
configure:7785: checking if : is a manifest tool
configure:7791: : '-?'
configure:7799: result: no
configure:8427: checking for ANSI C header files
configure:8447: powerpc-eabi-gcc -c -g -O2  conftest.c >&5
configure:8447: $? = 0
configure:8531: result: yes
configure:8544: checking for sys/types.h
configure:8544: powerpc-eabi-gcc -c -g -O2  conftest.c >&5
configure:8544: $? = 0
configure:8544: result: yes
configure:8544: checking for sys/stat.h
configure:8544: powerpc-eabi-gcc -c -g -O2  conftest.c >&5
configure:8544: $? = 0
configure:8544: result: yes
configure:8544: checking for stdlib.h
configure:8544: powerpc-eabi-gcc -c -g -O2  conftest.c >&5
configure:8544: $? = 0
configure:8544: result: yes
configure:8544: checking for string.h
configure:8544: powerpc-eabi-gcc -c -g -O2  conftest.c >&5
configure:8544: $? = 0
configure:8544: result: yes
configure:8544: checking for memory.h
configure:8544: powerpc-eabi-gcc -c -g -O2  conftest.c >&5
conftest.c:51:20: fatal error: memory.h: No such file or directory
compilation terminated.
configure:8544: $? = 1
configure: failed program was:
| /* confdefs.h */
| #define PACKAGE_NAME "libjpeg-turbo"
| #define PACKAGE_TARNAME "libjpeg-turbo"
| #define PACKAGE_VERSION "1.3.1"
| #define PACKAGE_STRING "libjpeg-turbo 1.3.1"
| #define PACKAGE_BUGREPORT ""
| #define PACKAGE_URL ""
| #define PACKAGE "libjpeg-turbo"
| #define VERSION "1.3.1"
| #define HAVE_PROTOTYPES 1
| #define STDC_HEADERS 1
| #define HAVE_SYS_TYPES_H 1
| #define HAVE_SYS_STAT_H 1
| #define HAVE_STDLIB_H 1
| #define HAVE_STRING_H 1
| /* end confdefs.h.  */
| #include <stdio.h>
| #ifdef HAVE_SYS_TYPES_H
| # include <sys/types.h>
| #endif
| #ifdef HAVE_SYS_STAT_H
| # include <sys/stat.h>
| #endif
| #ifdef STDC_HEADERS
| # include <stdlib.h>
| # include <stddef.h>
| #else
| # ifdef HAVE_STDLIB_H
| #  include <stdlib.h>
| # endif
| #endif
| #ifdef HAVE_STRING_H
| # if !defined STDC_HEADERS && defined HAVE_MEMORY_H
| #  include <memory.h>
| # endif
| # include <string.h>
| #endif
| #ifdef HAVE_STRINGS_H
| # include <strings.h>
| #endif
| #ifdef HAVE_INTTYPES_H
| # include <inttypes.h>
| #endif
| #ifdef HAVE_STDINT_H
| # include <stdint.h>
| #endif
| #ifdef HAVE_UNISTD_H
| # include <unistd.h>
| #endif
| 
| #include <memory.h>
configure:8544: result: no
configure:8544: checking for strings.h
configure:8544: powerpc-eabi-gcc -c -g -O2  conftest.c >&5
configure:8544: $? = 0
configure:8544: result: yes
configure:8544: checking for inttypes.h
configure:8544: powerpc-eabi-gcc -c -g -O2  conftest.c >&5
configure:8544: $? = 0
configure:8544: result: yes
configure:8544: checking for stdint.h
configure:8544: powerpc-eabi-gcc -c -g -O2  conftest.c >&5
configure:8544: $? = 0
configure:8544: result: yes
configure:8544: checking for unistd.h
configure:8544: powerpc-eabi-gcc -c -g -O2  conftest.c >&5
configure:8544: $? = 0
configure:8544: result: yes
configure:8558: checking for dlfcn.h
configure:8558: powerpc-eabi-gcc -c -g -O2  conftest.c >&5
conftest.c:55:19: fatal error: dlfcn.h: No such file or directory
compilation terminated.
configure:8558: $? = 1
configure: failed program was:
| /* confdefs.h */
| #define PACKAGE_NAME "libjpeg-turbo"
| #define PACKAGE_TARNAME "libjpeg-turbo"
| #define PACKAGE_VERSION "1.3.1"
| #define PACKAGE_STRING "libjpeg-turbo 1.3.1"
| #define PACKAGE_BUGREPORT ""
| #define PACKAGE_URL ""
| #define PACKAGE "libjpeg-turbo"
| #define VERSION "1.3.1"
| #define HAVE_PROTOTYPES 1
| #define STDC_HEADERS 1
| #define HAVE_SYS_TYPES_H 1
| #define HAVE_SYS_STAT_H 1
| #define HAVE_STDLIB_H 1
| #define HAVE_STRING_H 1
| #define HAVE_STRINGS_H 1
| #define HAVE_INTTYPES_H 1
| #define HAVE_STDINT_H 1
| #define HAVE_UNISTD_H 1
| /* end confdefs.h.  */
| #include <stdio.h>
| #ifdef HAVE_SYS_TYPES_H
| # include <sys/types.h>
| #endif
| #ifdef HAVE_SYS_STAT_H
| # include <sys/stat.h>
| #endif
| #ifdef STDC_HEADERS
| # include <stdlib.h>
| # include <stddef.h>
| #else
| # ifdef HAVE_STDLIB_H
| #  include <stdlib.h>
| # endif
| #endif
| #ifdef HAVE_STRING_H
| # if !defined STDC_HEADERS && defined HAVE_MEMORY_H
| #  include <memory.h>
| # endif
| # include <string.h>
| #endif
| #ifdef HAVE_STRINGS_H
| # include <strings.h>
| #endif
| #ifdef HAVE_INTTYPES_H
| # include <inttypes.h>
| #endif
| #ifdef HAVE_STDINT_H
| # include <stdint.h>
| #endif
| #ifdef HAVE_UNISTD_H
| # include <unistd.h>
| #endif
| 
| #include <dlfcn.h>
configure:8558: result: no
configure:8745: checking for objdir
configure:8760: result: .libs
configure:9027: checking if powerpc-eabi-gcc supports -fno-rtti -fno-exceptions
configure:9045: powerpc-eabi-gcc -c -g -O2  -fno-rtti -fno-exceptions conftest.c >&5
cc1.exe: warning: command line option '-fno-rtti' is valid for C++/ObjC++ but not for C [enabled by default]
configure:9049: $? = 0
configure:9062: result: no
configure:9372: checking for powerpc-eabi-gcc option to produce PIC
configure:9379: result: -fPIC -DPIC
configure:9387: checking if powerpc-eabi-gcc PIC flag -fPIC -DPIC works
configure:9405: powerpc-eabi-gcc -c -g -O2  -fPIC -DPIC -DPIC conftest.c >&5
configure:9409: $? = 0
configure:9422: result: yes
configure:9451: checking if powerpc-eabi-gcc static flag -static works
configure:9479: result: yes
configure:9494: checking if powerpc-eabi-gcc supports -c -o file.o
configure:9515: powerpc-eabi-gcc -c -g -O2  -o out/conftest2.o conftest.c >&5
configure:9519: $? = 0
configure:9541: result: yes
configure:9549: checking if powerpc-eabi-gcc supports -c -o file.o
configure:9596: result: yes
configure:9629: checking whether the powerpc-eabi-gcc linker (c:/devkitpro/devkitppc/powerpc-eabi/bin/ld.exe) supports shared libraries
configure:10787: result: yes
configure:11032: checking dynamic linker characteristics
configure:11774: result: no
configure:11881: checking how to hardcode library paths into programs
configure:11906: result: immediate
configure:12446: checking whether stripping libraries is possible
configure:12451: result: yes
configure:12486: checking if libtool supports shared libraries
configure:12488: result: no
configure:12491: checking whether to build shared libraries
configure:12512: result: no
configure:12515: checking whether to build static libraries
configure:12519: result: yes
configure:12554: checking whether ln -s works
configure:12561: result: no, using cp -p
configure:12643: checking whether compiler supports pointers to undefined structures
configure:12656: powerpc-eabi-gcc -c -g -O2  conftest.c >&5
configure:12656: $? = 0
configure:12657: result: yes
configure:12677: checking whether __SUNPRO_C is declared
configure:12677: powerpc-eabi-gcc -c -O3 -Wall conftest.c >&5
conftest.c: In function 'main':
conftest.c:62:10: error: '__SUNPRO_C' undeclared (first use in this function)
conftest.c:62:10: note: each undeclared identifier is reported only once for each function it appears in
configure:12677: $? = 1
configure: failed program was:
| /* confdefs.h */
| #define PACKAGE_NAME "libjpeg-turbo"
| #define PACKAGE_TARNAME "libjpeg-turbo"
| #define PACKAGE_VERSION "1.3.1"
| #define PACKAGE_STRING "libjpeg-turbo 1.3.1"
| #define PACKAGE_BUGREPORT ""
| #define PACKAGE_URL ""
| #define PACKAGE "libjpeg-turbo"
| #define VERSION "1.3.1"
| #define HAVE_PROTOTYPES 1
| #define STDC_HEADERS 1
| #define HAVE_SYS_TYPES_H 1
| #define HAVE_SYS_STAT_H 1
| #define HAVE_STDLIB_H 1
| #define HAVE_STRING_H 1
| #define HAVE_STRINGS_H 1
| #define HAVE_INTTYPES_H 1
| #define HAVE_STDINT_H 1
| #define HAVE_UNISTD_H 1
| #define LT_OBJDIR ".libs/"
| /* end confdefs.h.  */
| #include <stdio.h>
| #ifdef HAVE_SYS_TYPES_H
| # include <sys/types.h>
| #endif
| #ifdef HAVE_SYS_STAT_H
| # include <sys/stat.h>
| #endif
| #ifdef STDC_HEADERS
| # include <stdlib.h>
| # include <stddef.h>
| #else
| # ifdef HAVE_STDLIB_H
| #  include <stdlib.h>
| # endif
| #endif
| #ifdef HAVE_STRING_H
| # if !defined STDC_HEADERS && defined HAVE_MEMORY_H
| #  include <memory.h>
| # endif
| # include <string.h>
| #endif
| #ifdef HAVE_STRINGS_H
| # include <strings.h>
| #endif
| #ifdef HAVE_INTTYPES_H
| # include <inttypes.h>
| #endif
| #ifdef HAVE_STDINT_H
| # include <stdint.h>
| #endif
| #ifdef HAVE_UNISTD_H
| # include <unistd.h>
| #endif
| int
| main ()
| {
| #ifndef __SUNPRO_C
| #ifdef __cplusplus
|   (void) __SUNPRO_C;
| #else
|   (void) __SUNPRO_C;
| #endif
| #endif
| 
|   ;
|   return 0;
| }
configure:12677: result: no
configure:12693: checking for ANSI C header files
configure:12797: result: yes
configure:12808: checking stddef.h usability
configure:12808: powerpc-eabi-gcc -c -O3 -Wall conftest.c >&5
configure:12808: $? = 0
configure:12808: result: yes
configure:12808: checking stddef.h presence
configure:12808: powerpc-eabi-gcc -E -Wall conftest.c
configure:12808: $? = 0
configure:12808: result: yes
configure:12808: checking for stddef.h
configure:12808: result: yes
configure:12808: checking for stdlib.h
configure:12808: result: yes
configure:12808: checking for string.h
configure:12808: result: yes
configure:12818: checking for sys/types.h
configure:12818: result: yes
configure:12828: checking for an ANSI C-conforming const
configure:12893: powerpc-eabi-gcc -c -O3 -Wall conftest.c >&5
conftest.c: In function 'main':
conftest.c:56:10: warning: 't' is used uninitialized in this function [-Wuninitialized]
configure:12893: $? = 0
configure:12900: result: yes
configure:12908: checking whether char is unsigned
configure:12926: powerpc-eabi-gcc -c -O3 -Wall conftest.c >&5
conftest.c: In function 'main':
conftest.c:63:12: error: size of array 'test_array' is negative
conftest.c:63:12: warning: variable 'test_array' set but not used [-Wunused-but-set-variable]
configure:12926: $? = 1
configure: failed program was:
| /* confdefs.h */
| #define PACKAGE_NAME "libjpeg-turbo"
| #define PACKAGE_TARNAME "libjpeg-turbo"
| #define PACKAGE_VERSION "1.3.1"
| #define PACKAGE_STRING "libjpeg-turbo 1.3.1"
| #define PACKAGE_BUGREPORT ""
| #define PACKAGE_URL ""
| #define PACKAGE "libjpeg-turbo"
| #define VERSION "1.3.1"
| #define HAVE_PROTOTYPES 1
| #define STDC_HEADERS 1
| #define HAVE_SYS_TYPES_H 1
| #define HAVE_SYS_STAT_H 1
| #define HAVE_STDLIB_H 1
| #define HAVE_STRING_H 1
| #define HAVE_STRINGS_H 1
| #define HAVE_INTTYPES_H 1
| #define HAVE_STDINT_H 1
| #define HAVE_UNISTD_H 1
| #define LT_OBJDIR ".libs/"
| #define STDC_HEADERS 1
| #define HAVE_STDDEF_H 1
| #define HAVE_STDLIB_H 1
| #define HAVE_STRING_H 1
| #define NEED_SYS_TYPES_H 1
| /* end confdefs.h.  */
| #include <stdio.h>
| #ifdef HAVE_SYS_TYPES_H
| # include <sys/types.h>
| #endif
| #ifdef HAVE_SYS_STAT_H
| # include <sys/stat.h>
| #endif
| #ifdef STDC_HEADERS
| # include <stdlib.h>
| # include <stddef.h>
| #else
| # ifdef HAVE_STDLIB_H
| #  include <stdlib.h>
| # endif
| #endif
| #ifdef HAVE_STRING_H
| # if !defined STDC_HEADERS && defined HAVE_MEMORY_H
| #  include <memory.h>
| # endif
| # include <string.h>
| #endif
| #ifdef HAVE_STRINGS_H
| # include <strings.h>
| #endif
| #ifdef HAVE_INTTYPES_H
| # include <inttypes.h>
| #endif
| #ifdef HAVE_STDINT_H
| # include <stdint.h>
| #endif
| #ifdef HAVE_UNISTD_H
| # include <unistd.h>
| #endif
| int
| main ()
| {
| static int test_array [1 - 2 * !(((char) -1) < 0)];
| test_array [0] = 0
| 
|   ;
|   return 0;
| }
configure:12933: result: yes
configure:12940: checking for inline
configure:12956: powerpc-eabi-gcc -c -O3 -Wall conftest.c >&5
configure:12956: $? = 0
configure:12964: result: inline
configure:12982: checking for size_t
configure:12982: powerpc-eabi-gcc -c -O3 -Wall conftest.c >&5
configure:12982: $? = 0
configure:12982: powerpc-eabi-gcc -c -O3 -Wall conftest.c >&5
conftest.c: In function 'main':
conftest.c:63:21: error: expected expression before ')' token
configure:12982: $? = 1
configure: failed program was:
| /* confdefs.h */
| #define PACKAGE_NAME "libjpeg-turbo"
| #define PACKAGE_TARNAME "libjpeg-turbo"
| #define PACKAGE_VERSION "1.3.1"
| #define PACKAGE_STRING "libjpeg-turbo 1.3.1"
| #define PACKAGE_BUGREPORT ""
| #define PACKAGE_URL ""
| #define PACKAGE "libjpeg-turbo"
| #define VERSION "1.3.1"
| #define HAVE_PROTOTYPES 1
| #define STDC_HEADERS 1
| #define HAVE_SYS_TYPES_H 1
| #define HAVE_SYS_STAT_H 1
| #define HAVE_STDLIB_H 1
| #define HAVE_STRING_H 1
| #define HAVE_STRINGS_H 1
| #define HAVE_INTTYPES_H 1
| #define HAVE_STDINT_H 1
| #define HAVE_UNISTD_H 1
| #define LT_OBJDIR ".libs/"
| #define STDC_HEADERS 1
| #define HAVE_STDDEF_H 1
| #define HAVE_STDLIB_H 1
| #define HAVE_STRING_H 1
| #define NEED_SYS_TYPES_H 1
| /* end confdefs.h.  */
| #include <stdio.h>
| #ifdef HAVE_SYS_TYPES_H
| # include <sys/types.h>
| #endif
| #ifdef HAVE_SYS_STAT_H
| # include <sys/stat.h>
| #endif
| #ifdef STDC_HEADERS
| # include <stdlib.h>
| # include <stddef.h>
| #else
| # ifdef HAVE_STDLIB_H
| #  include <stdlib.h>
| # endif
| #endif
| #ifdef HAVE_STRING_H
| # if !defined STDC_HEADERS && defined HAVE_MEMORY_H
| #  include <memory.h>
| # endif
| # include <string.h>
| #endif
| #ifdef HAVE_STRINGS_H
| # include <strings.h>
| #endif
| #ifdef HAVE_INTTYPES_H
| # include <inttypes.h>
| #endif
| #ifdef HAVE_STDINT_H
| # include <stdint.h>
| #endif
| #ifdef HAVE_UNISTD_H
| # include <unistd.h>
| #endif
| int
| main ()
| {
| if (sizeof ((size_t)))
| 	    return 0;
|   ;
|   return 0;
| }
configure:12982: result: yes
configure:12993: checking for unsigned char
configure:12993: powerpc-eabi-gcc -c -O3 -Wall conftest.c >&5
configure:12993: $? = 0
configure:12993: powerpc-eabi-gcc -c -O3 -Wall conftest.c >&5
conftest.c: In function 'main':
conftest.c:63:28: error: expected expression before ')' token
configure:12993: $? = 1
configure: failed program was:
| /* confdefs.h */
| #define PACKAGE_NAME "libjpeg-turbo"
| #define PACKAGE_TARNAME "libjpeg-turbo"
| #define PACKAGE_VERSION "1.3.1"
| #define PACKAGE_STRING "libjpeg-turbo 1.3.1"
| #define PACKAGE_BUGREPORT ""
| #define PACKAGE_URL ""
| #define PACKAGE "libjpeg-turbo"
| #define VERSION "1.3.1"
| #define HAVE_PROTOTYPES 1
| #define STDC_HEADERS 1
| #define HAVE_SYS_TYPES_H 1
| #define HAVE_SYS_STAT_H 1
| #define HAVE_STDLIB_H 1
| #define HAVE_STRING_H 1
| #define HAVE_STRINGS_H 1
| #define HAVE_INTTYPES_H 1
| #define HAVE_STDINT_H 1
| #define HAVE_UNISTD_H 1
| #define LT_OBJDIR ".libs/"
| #define STDC_HEADERS 1
| #define HAVE_STDDEF_H 1
| #define HAVE_STDLIB_H 1
| #define HAVE_STRING_H 1
| #define NEED_SYS_TYPES_H 1
| /* end confdefs.h.  */
| #include <stdio.h>
| #ifdef HAVE_SYS_TYPES_H
| # include <sys/types.h>
| #endif
| #ifdef HAVE_SYS_STAT_H
| # include <sys/stat.h>
| #endif
| #ifdef STDC_HEADERS
| # include <stdlib.h>
| # include <stddef.h>
| #else
| # ifdef HAVE_STDLIB_H
| #  include <stdlib.h>
| # endif
| #endif
| #ifdef HAVE_STRING_H
| # if !defined STDC_HEADERS && defined HAVE_MEMORY_H
| #  include <memory.h>
| # endif
| # include <string.h>
| #endif
| #ifdef HAVE_STRINGS_H
| # include <strings.h>
| #endif
| #ifdef HAVE_INTTYPES_H
| # include <inttypes.h>
| #endif
| #ifdef HAVE_STDINT_H
| # include <stdint.h>
| #endif
| #ifdef HAVE_UNISTD_H
| # include <unistd.h>
| #endif
| int
| main ()
| {
| if (sizeof ((unsigned char)))
| 	    return 0;
|   ;
|   return 0;
| }
configure:12993: result: yes
configure:13002: checking for unsigned short
configure:13002: powerpc-eabi-gcc -c -O3 -Wall conftest.c >&5
configure:13002: $? = 0
configure:13002: powerpc-eabi-gcc -c -O3 -Wall conftest.c >&5
conftest.c: In function 'main':
conftest.c:64:29: error: expected expression before ')' token
configure:13002: $? = 1
configure: failed program was:
| /* confdefs.h */
| #define PACKAGE_NAME "libjpeg-turbo"
| #define PACKAGE_TARNAME "libjpeg-turbo"
| #define PACKAGE_VERSION "1.3.1"
| #define PACKAGE_STRING "libjpeg-turbo 1.3.1"
| #define PACKAGE_BUGREPORT ""
| #define PACKAGE_URL ""
| #define PACKAGE "libjpeg-turbo"
| #define VERSION "1.3.1"
| #define HAVE_PROTOTYPES 1
| #define STDC_HEADERS 1
| #define HAVE_SYS_TYPES_H 1
| #define HAVE_SYS_STAT_H 1
| #define HAVE_STDLIB_H 1
| #define HAVE_STRING_H 1
| #define HAVE_STRINGS_H 1
| #define HAVE_INTTYPES_H 1
| #define HAVE_STDINT_H 1
| #define HAVE_UNISTD_H 1
| #define LT_OBJDIR ".libs/"
| #define STDC_HEADERS 1
| #define HAVE_STDDEF_H 1
| #define HAVE_STDLIB_H 1
| #define HAVE_STRING_H 1
| #define NEED_SYS_TYPES_H 1
| #define HAVE_UNSIGNED_CHAR 1
| /* end confdefs.h.  */
| #include <stdio.h>
| #ifdef HAVE_SYS_TYPES_H
| # include <sys/types.h>
| #endif
| #ifdef HAVE_SYS_STAT_H
| # include <sys/stat.h>
| #endif
| #ifdef STDC_HEADERS
| # include <stdlib.h>
| # include <stddef.h>
| #else
| # ifdef HAVE_STDLIB_H
| #  include <stdlib.h>
| # endif
| #endif
| #ifdef HAVE_STRING_H
| # if !defined STDC_HEADERS && defined HAVE_MEMORY_H
| #  include <memory.h>
| # endif
| # include <string.h>
| #endif
| #ifdef HAVE_STRINGS_H
| # include <strings.h>
| #endif
| #ifdef HAVE_INTTYPES_H
| # include <inttypes.h>
| #endif
| #ifdef HAVE_STDINT_H
| # include <stdint.h>
| #endif
| #ifdef HAVE_UNISTD_H
| # include <unistd.h>
| #endif
| int
| main ()
| {
| if (sizeof ((unsigned short)))
| 	    return 0;
|   ;
|   return 0;
| }
configure:13002: result: yes
configure:13013: checking if right shift is signed
configure:13016: result: Assuming that right shift is signed on target machine.
configure:13058: checking for short external names
configure:13072: powerpc-eabi-gcc -o conftest -O3 -Wall  conftest.c  >&5
configure:13072: $? = 0
configure:13073: result: ok
configure:13089: checking for memset
configure:13089: powerpc-eabi-gcc -o conftest -O3 -Wall  conftest.c  >&5
conftest.c:52:6: warning: conflicting types for built-in function 'memset' [enabled by default]
configure:13089: $? = 0
configure:13089: result: yes
configure:13089: checking for memcpy
configure:13089: powerpc-eabi-gcc -o conftest -O3 -Wall  conftest.c  >&5
conftest.c:53:6: warning: conflicting types for built-in function 'memcpy' [enabled by default]
configure:13089: $? = 0
configure:13089: result: yes
configure:13103: checking libjpeg API version
configure:13131: result: 6.2
configure:13160: checking whether to include in-memory source/destination managers
configure:13169: result: yes
configure:13183: checking libjpeg shared library version
configure:13185: result: 62.1.0
configure:13207: checking whether the linker supports version scripts
configure:13227: powerpc-eabi-gcc -o conftest -O3 -Wall  -Wl,--version-script,conftest.map conftest.c  >&5
configure:13227: $? = 0
configure:13229: result: yes (GNU style)
configure:13262: checking whether to use version script when building libjpeg-turbo
configure:13264: result: yes
configure:13278: checking for inline
configure:13293: powerpc-eabi-gcc -c -O3 -Wall conftest.c >&5
conftest.c: In function 'main':
conftest.c:38:1: warning: control reaches end of non-void function [-Wreturn-type]
configure:13293: $? = 0
configure:13348: result: inline __attribute__((always_inline))
configure:13357: checking whether to include arithmetic encoding support
configure:13366: result: no
configure:13385: checking whether to include arithmetic decoding support
configure:13394: result: no
configure:13423: checking whether to build TurboJPEG C wrapper
configure:13436: result: yes
configure:13460: checking whether to build TurboJPEG Java wrapper
configure:13516: result: no
configure:14368: creating ./config.status

## ---------------------- ##
## Running config.status. ##
## ---------------------- ##

This file was extended by libjpeg-turbo config.status 1.3.1, which was
generated by GNU Autoconf 2.68.  Invocation command line was

  CONFIG_FILES    = 
  CONFIG_HEADERS  = 
  CONFIG_LINKS    = 
  CONFIG_COMMANDS = 
  $ ./config.status 

on FIX94-PC

config.status:1166: creating pkgscripts/libjpeg-turbo.spec.tmpl
config.status:1166: creating pkgscripts/makecygwinpkg.tmpl
config.status:1166: creating pkgscripts/makedpkg.tmpl
config.status:1166: creating pkgscripts/makemacpkg.tmpl
config.status:1166: creating pkgscripts/Description.plist
config.status:1166: creating pkgscripts/Info.plist
config.status:1166: creating pkgscripts/uninstall.tmpl
config.status:1166: creating tjbenchtest
config.status:1166: creating libjpeg.map
config.status:1166: creating Makefile
config.status:1166: creating simd/Makefile
config.status:1166: creating java/Makefile
config.status:1166: creating md5/Makefile
config.status:1166: creating config.h
config.status:1166: creating jconfig.h
config.status:1395: executing depfiles commands
config.status:1395: executing libtool commands

## ---------------- ##
## Cache variables. ##
## ---------------- ##

ac_cv_build=i686-pc-mingw32
ac_cv_c_char_unsigned=yes
ac_cv_c_compiler_gnu=yes
ac_cv_c_const=yes
ac_cv_c_inline=inline
ac_cv_env_CCASFLAGS_set=
ac_cv_env_CCASFLAGS_value=
ac_cv_env_CCAS_set=
ac_cv_env_CCAS_value=
ac_cv_env_CC_set=
ac_cv_env_CC_value=
ac_cv_env_CFLAGS_set=
ac_cv_env_CFLAGS_value=
ac_cv_env_CPPFLAGS_set=
ac_cv_env_CPPFLAGS_value=
ac_cv_env_CPP_set=
ac_cv_env_CPP_value=
ac_cv_env_JAR_set=
ac_cv_env_JAR_value=
ac_cv_env_JAVACFLAGS_set=
ac_cv_env_JAVACFLAGS_value=
ac_cv_env_JAVAC_set=
ac_cv_env_JAVAC_value=
ac_cv_env_JAVA_set=
ac_cv_env_JAVA_value=
ac_cv_env_JNI_CFLAGS_set=
ac_cv_env_JNI_CFLAGS_value=
ac_cv_env_JPEG_LIB_VERSION_set=
ac_cv_env_JPEG_LIB_VERSION_value=
ac_cv_env_LDFLAGS_set=
ac_cv_env_LDFLAGS_value=
ac_cv_env_LIBS_set=
ac_cv_env_LIBS_value=
ac_cv_env_PKGNAME_set=
ac_cv_env_PKGNAME_value=
ac_cv_env_SO_MAJOR_VERSION_set=
ac_cv_env_SO_MAJOR_VERSION_value=
ac_cv_env_SO_MINOR_VERSION_set=
ac_cv_env_SO_MINOR_VERSION_value=
ac_cv_env_build_alias_set=
ac_cv_env_build_alias_value=
ac_cv_env_host_alias_set=set
ac_cv_env_host_alias_value=powerpc-eabi
ac_cv_env_target_alias_set=
ac_cv_env_target_alias_value=
ac_cv_func_memcpy=yes
ac_cv_func_memset=yes
ac_cv_have_decl___SUNPRO_C=no
ac_cv_header_dlfcn_h=no
ac_cv_header_inttypes_h=yes
ac_cv_header_memory_h=no
ac_cv_header_stdc=yes
ac_cv_header_stddef_h=yes
ac_cv_header_stdint_h=yes
ac_cv_header_stdlib_h=yes
ac_cv_header_string_h=yes
ac_cv_header_strings_h=yes
ac_cv_header_sys_stat_h=yes
ac_cv_header_sys_types_h=yes
ac_cv_header_unistd_h=yes
ac_cv_host=powerpc-unknown-eabi
ac_cv_objext=o
ac_cv_path_EGREP='/bin/grep -E'
ac_cv_path_FGREP='/bin/grep -F'
ac_cv_path_GREP=/bin/grep
ac_cv_path_SED=/bin/sed
ac_cv_path_install='/bin/install -c'
ac_cv_path_mkdir=/bin/mkdir
ac_cv_prog_AR=powerpc-eabi-ar
ac_cv_prog_AWK=gawk
ac_cv_prog_CC=powerpc-eabi-gcc
ac_cv_prog_CPP='powerpc-eabi-gcc -E'
ac_cv_prog_OBJDUMP=powerpc-eabi-objdump
ac_cv_prog_RANLIB=powerpc-eabi-ranlib
ac_cv_prog_STRIP=powerpc-eabi-strip
ac_cv_prog_ac_ct_DLLTOOL=dlltool
ac_cv_prog_cc_c89=
ac_cv_prog_cc_g=yes
ac_cv_prog_cc_powerpc_eabi_gcc_c_o=yes
ac_cv_prog_make_make_set=yes
ac_cv_type_size_t=yes
ac_cv_type_unsigned_char=yes
ac_cv_type_unsigned_short=yes
am_cv_CCAS_dependencies_compiler_type=gcc3
am_cv_CC_dependencies_compiler_type=gcc3
ljt_cv_inline='inline __attribute__((always_inline))'
lt_cv_ar_at_file=@
lt_cv_deplibs_check_method=unknown
lt_cv_file_magic_cmd='$MAGIC_CMD'
lt_cv_file_magic_test_file=
lt_cv_ld_reload_flag=-r
lt_cv_nm_interface='BSD nm'
lt_cv_objdir=.libs
lt_cv_path_LD=c:/devkitpro/devkitppc/powerpc-eabi/bin/ld.exe
lt_cv_path_NM=/c/devkitPro/devkitPPC/bin/powerpc-eabi-nm
lt_cv_path_mainfest_tool=no
lt_cv_prog_compiler_c_o=yes
lt_cv_prog_compiler_pic='-fPIC -DPIC'
lt_cv_prog_compiler_pic_works=yes
lt_cv_prog_compiler_rtti_exceptions=no
lt_cv_prog_compiler_static_works=yes
lt_cv_prog_gnu_ld=yes
lt_cv_sharedlib_from_linklib_cmd='printf %s\n'
lt_cv_sys_global_symbol_pipe='sed -n -e '\''s/^.*[	 ]\([ABCDGIRSTW][ABCDGIRSTW]*\)[	 ][	 ]*\([_A-Za-z][_A-Za-z0-9]*\)\{0,1\}$/\1 \2 \2/p'\'' | sed '\''/ __gnu_lto/d'\'''
lt_cv_sys_global_symbol_to_c_name_address='sed -n -e '\''s/^: \([^ ]*\)[ ]*$/  {\"\1\", (void *) 0},/p'\'' -e '\''s/^[ABCDGIRSTW]* \([^ ]*\) \([^ ]*\)$/  {"\2", (void *) \&\2},/p'\'''
lt_cv_sys_global_symbol_to_c_name_address_lib_prefix='sed -n -e '\''s/^: \([^ ]*\)[ ]*$/  {\"\1\", (void *) 0},/p'\'' -e '\''s/^[ABCDGIRSTW]* \([^ ]*\) \(lib[^ ]*\)$/  {"\2", (void *) \&\2},/p'\'' -e '\''s/^[ABCDGIRSTW]* \([^ ]*\) \([^ ]*\)$/  {"lib\2", (void *) \&\2},/p'\'''
lt_cv_sys_global_symbol_to_cdecl='sed -n -e '\''s/^T .* \(.*\)$/extern int \1();/p'\'' -e '\''s/^[ABCDGIRSTW]* .* \(.*\)$/extern char \1;/p'\'''
lt_cv_sys_max_cmd_len=8192
lt_cv_to_host_file_cmd=func_convert_file_noop
lt_cv_to_tool_file_cmd=func_convert_file_noop

## ----------------- ##
## Output variables. ##
## ----------------- ##

ACLOCAL='${SHELL} /c/libjpeg-turbo-1.3-branch/missing --run aclocal-1.11'
AMDEPBACKSLASH='\'
AMDEP_FALSE='#'
AMDEP_TRUE=''
AMTAR='${SHELL} /c/libjpeg-turbo-1.3-branch/missing --run tar'
AM_BACKSLASH='\'
AM_DEFAULT_VERBOSITY='0'
AR='powerpc-eabi-ar'
AUTOCONF='${SHELL} /c/libjpeg-turbo-1.3-branch/missing --run autoconf'
AUTOHEADER='${SHELL} /c/libjpeg-turbo-1.3-branch/missing --run autoheader'
AUTOMAKE='${SHELL} /c/libjpeg-turbo-1.3-branch/missing --run automake-1.11'
AWK='gawk'
BUILD='20140322'
CC='powerpc-eabi-gcc'
CCAS='powerpc-eabi-gcc'
CCASDEPMODE='depmode=gcc3'
CCASFLAGS='-g -O2'
CCDEPMODE='depmode=gcc3'
CFLAGS='-O3'
CPP='powerpc-eabi-gcc -E'
CPPFLAGS='-Wall'
CYGPATH_W='echo'
DEBARCH=''
DEFS='-DHAVE_CONFIG_H'
DEPDIR='.deps'
DLLTOOL='dlltool'
DSYMUTIL=''
DUMPBIN=''
ECHO_C=''
ECHO_N='-n'
ECHO_T=''
EGREP='/bin/grep -E'
EXEEXT=''
FGREP='/bin/grep -F'
GREP='/bin/grep'
INSTALL_DATA='${INSTALL} -m 644'
INSTALL_PROGRAM='${INSTALL}'
INSTALL_SCRIPT='${INSTALL}'
INSTALL_STRIP_PROGRAM='$(install_sh) -c -s'
JAR='jar'
JAVA='java'
JAVAC='javac'
JAVACFLAGS=''
JAVA_RPM_CONTENTS_1=''
JAVA_RPM_CONTENTS_2=''
JNI_CFLAGS=''
JPEG_LIB_VERSION='62'
JPEG_LIB_VERSION_DECIMAL='6.2'
LD='c:/devkitpro/devkitppc/powerpc-eabi/bin/ld.exe'
LDFLAGS=''
LIBOBJS=''
LIBS=''
LIBTOOL='$(SHELL) $(top_builddir)/libtool'
LIBTOOL_CURRENT='63'
LIPO=''
LN_S='cp -p'
LTLIBOBJS=''
MAKEINFO='${SHELL} /c/libjpeg-turbo-1.3-branch/missing --run makeinfo'
MANIFEST_TOOL=':'
MEM_SRCDST_FUNCTIONS='global:  jpeg_mem_dest;  jpeg_mem_src;'
MKDIR_P='/bin/mkdir -p'
NAFLAGS=''
NASM=''
NM='/c/devkitPro/devkitPPC/bin/powerpc-eabi-nm'
NMEDIT=''
OBJDUMP='powerpc-eabi-objdump'
OBJEXT='o'
OTOOL64=''
OTOOL=''
PACKAGE='libjpeg-turbo'
PACKAGE_BUGREPORT=''
PACKAGE_NAME='libjpeg-turbo'
PACKAGE_STRING='libjpeg-turbo 1.3.1'
PACKAGE_TARNAME='libjpeg-turbo'
PACKAGE_URL=''
PACKAGE_VERSION='1.3.1'
PATH_SEPARATOR=':'
PKGNAME='libjpeg-turbo'
RANLIB='powerpc-eabi-ranlib'
RPMARCH=''
RPM_CONFIG_ARGS=' --without-arith-enc --without-arith-dec --without-simd'
SED='/bin/sed'
SET_MAKE=''
SHELL='/bin/sh'
SIMD_ARM_FALSE=''
SIMD_ARM_TRUE='#'
SIMD_I386_FALSE=''
SIMD_I386_TRUE='#'
SIMD_X86_64_FALSE=''
SIMD_X86_64_TRUE='#'
SO_AGE='1'
SO_MAJOR_VERSION='62'
SO_MINOR_VERSION='0'
STRIP='powerpc-eabi-strip'
VERSION='1.3.1'
VERSION_SCRIPT_FALSE='#'
VERSION_SCRIPT_FLAG='-Wl,--version-script,'
VERSION_SCRIPT_TRUE=''
WITH_ARITH_DEC_FALSE=''
WITH_ARITH_DEC_TRUE='#'
WITH_ARITH_ENC_FALSE=''
WITH_ARITH_ENC_TRUE='#'
WITH_ARITH_FALSE=''
WITH_ARITH_TRUE='#'
WITH_JAVA='0'
WITH_JAVA_FALSE=''
WITH_JAVA_TRUE='#'
WITH_SIMD_FALSE=''
WITH_SIMD_TRUE='#'
WITH_SSE_FLOAT_DCT_FALSE=''
WITH_SSE_FLOAT_DCT_TRUE='#'
WITH_TURBOJPEG_FALSE='#'
WITH_TURBOJPEG_TRUE=''
X86_64_FALSE=''
X86_64_TRUE='#'
ac_ct_AR=''
ac_ct_CC=''
ac_ct_DUMPBIN=''
am__EXEEXT_FALSE=''
am__EXEEXT_TRUE='#'
am__fastdepCCAS_FALSE='#'
am__fastdepCCAS_TRUE=''
am__fastdepCC_FALSE='#'
am__fastdepCC_TRUE=''
am__include='include'
am__isrc=''
am__leading_dot='.'
am__quote=''
am__tar='${AMTAR} chof - "$$tardir"'
am__untar='${AMTAR} xf -'
bindir='${exec_prefix}/bin'
build='i686-pc-mingw32'
build_alias=''
build_cpu='i686'
build_os='mingw32'
build_vendor='pc'
datadir='${datarootdir}'
datarootdir='${prefix}/share'
docdir='${datarootdir}/doc/${PACKAGE_TARNAME}'
dvidir='${docdir}'
exec_prefix='${prefix}'
host='powerpc-unknown-eabi'
host_alias='powerpc-eabi'
host_cpu='powerpc'
host_os='eabi'
host_vendor='unknown'
htmldir='${docdir}'
includedir='${prefix}/include'
infodir='${datarootdir}/info'
install_sh='${SHELL} /c/libjpeg-turbo-1.3-branch/install-sh'
libdir='${exec_prefix}/lib'
libexecdir='${exec_prefix}/libexec'
localedir='${datarootdir}/locale'
localstatedir='${prefix}/var'
mandir='${datarootdir}/man'
mkdir_p='/bin/mkdir -p'
oldincludedir='/usr/include'
pdfdir='${docdir}'
prefix='/c/devkitPro/portlibs/ppc'
program_transform_name='s,x,x,'
psdir='${docdir}'
sbindir='${exec_prefix}/sbin'
sharedstatedir='${prefix}/com'
sysconfdir='${prefix}/etc'
target_alias=''

## ----------- ##
## confdefs.h. ##
## ----------- ##

/* confdefs.h */
#define PACKAGE_NAME "libjpeg-turbo"
#define PACKAGE_TARNAME "libjpeg-turbo"
#define PACKAGE_VERSION "1.3.1"
#define PACKAGE_STRING "libjpeg-turbo 1.3.1"
#define PACKAGE_BUGREPORT ""
#define PACKAGE_URL ""
#define PACKAGE "libjpeg-turbo"
#define VERSION "1.3.1"
#define HAVE_PROTOTYPES 1
#define STDC_HEADERS 1
#define HAVE_SYS_TYPES_H 1
#define HAVE_SYS_STAT_H 1
#define HAVE_STDLIB_H 1
#define HAVE_STRING_H 1
#define HAVE_STRINGS_H 1
#define HAVE_INTTYPES_H 1
#define HAVE_STDINT_H 1
#define HAVE_UNISTD_H 1
#define LT_OBJDIR ".libs/"
#define STDC_HEADERS 1
#define HAVE_STDDEF_H 1
#define HAVE_STDLIB_H 1
#define HAVE_STRING_H 1
#define NEED_SYS_TYPES_H 1
#define HAVE_UNSIGNED_CHAR 1
#define HAVE_UNSIGNED_SHORT 1
#define HAVE_MEMSET 1
#define HAVE_MEMCPY 1
#define JPEG_LIB_VERSION 62
#define MEM_SRCDST_SUPPORTED 1
#define LIBJPEG_TURBO_VERSION 1.3.1
#define INLINE inline __attribute__((always_inline))
#define BUILD "20140322"

configure: exit 0
