This file contains any messages produced by compilers while
running configure, to aid debugging if configure makes a mistake.

It was created by FreeType configure 2.4.10, which was
generated by GNU Autoconf 2.69.  Invocation command line was

  $ ./configure --disable-shared --enable-static --host=powerpc-eabi --prefix=C:/devkitpro/portlibs/ppc

## --------- ##
## Platform. ##
## --------- ##

hostname = FIX94-PC
uname -m = i686
uname -r = 1.0.15(0.47/3/2)
uname -s = MINGW32_NT-6.1
uname -v = 2010-07-06 22:04

/usr/bin/uname -p = unknown
/bin/uname -X     = unknown

/bin/arch              = unknown
/usr/bin/arch -k       = unknown
/usr/convex/getsysinfo = unknown
/usr/bin/hostinfo      = unknown
/bin/machine           = unknown
/usr/bin/oslevel       = unknown
/bin/universe          = unknown

PATH: .
PATH: /usr/local/bin
PATH: /mingw/bin
PATH: /bin
PATH: /c/Program Files (x86)/ATI Stream/bin/x86_64
PATH: /c/Program Files (x86)/ATI Stream/bin/x86
PATH: /bin
PATH: /c/Windows/system32
PATH: /c/Windows
PATH: /c/Windows/System32/Wbem
PATH: /c/Windows/System32/WindowsPowerShell/v1.0/
PATH: /c/Program Files/Java/jdk1.6.0_27/bin
PATH: /c/Program Files (x86)/ATI Technologies/ATI.ACE/Core-Static
PATH: /c/devkitpro/devkitPPC/bin
PATH: /c/Python27
PATH: /c/Program Files (x86)/QT Lite/QTSystem
PATH: /c/Program Files (x86)/Microsoft SQL Server/90/Tools/binn/
PATH: /c/Program Files (x86)/IVT Corporation/BlueSoleil/Mobile
PATH: /c/Windows/system32/wbem
PATH: /c/Program Files (x86)/Wiimm/WIT
PATH: /c/Program Files (x86)/Git/cmd
PATH: /mingw/bin
PATH: /c/Program Files/TortoiseSVN/bin
PATH: /c/Program Files/TortoiseGit/bin
PATH: /c/Program Files/D3DGear


## ----------- ##
## Core tests. ##
## ----------- ##

configure:2481: checking build system type
configure:2495: result: i686-pc-mingw32
configure:2515: checking host system type
configure:2528: result: powerpc-unknown-eabi
configure:2560: checking for powerpc-eabi-gcc
configure:2576: found /c/devkitpro/devkitPPC/bin/powerpc-eabi-gcc
configure:2587: result: powerpc-eabi-gcc
configure:2856: checking for C compiler version
configure:2865: powerpc-eabi-gcc --version >&5
powerpc-eabi-gcc.exe (devkitPPC release 26) 4.6.3
Copyright (C) 2011 Free Software Foundation, Inc.
This is free software; see the source for copying conditions.  There is NO
warranty; not even for MERCHANTABILITY or FITNESS FOR A PARTICULAR PURPOSE.

configure:2876: $? = 0
configure:2865: powerpc-eabi-gcc -v >&5
Using built-in specs.
COLLECT_GCC=c:\devkitpro\devkitPPC\bin\powerpc-eabi-gcc.exe
COLLECT_LTO_WRAPPER=c:/devkitpro/devkitppc/bin/../libexec/gcc/powerpc-eabi/4.6.3/lto-wrapper.exe
Target: powerpc-eabi
Configured with: ../../gcc-4.6.3/configure --enable-languages=c,c++,objc --enable-lto --with-cpu=750 --disable-nls --disable-shared --enable-threads --disable-multilib --disable-win32-registry --disable-libstdcxx-pch --target=powerpc-eabi --with-newlib --with-headers=../../newlib-1.20.0/newlib/libc/include --prefix=/opt/devkitpro/i686-w64-mingw32/devkitPPC --disable-dependency-tracking --with-bugurl=http://wiki.devkitpro.org/index.php/Bug_Reports --with-pkgversion='devkitPPC release 26' --build=x86_64-unknown-linux-gnu --host=i686-w64-mingw32
Thread model: single
gcc version 4.6.3 (devkitPPC release 26) 
configure:2876: $? = 0
configure:2865: powerpc-eabi-gcc -V >&5
powerpc-eabi-gcc.exe: error: unrecognized option '-V'
powerpc-eabi-gcc.exe: fatal error: no input files
compilation terminated.
configure:2876: $? = 1
configure:2865: powerpc-eabi-gcc -qversion >&5
powerpc-eabi-gcc.exe: error: unrecognized option '-qversion'
powerpc-eabi-gcc.exe: fatal error: no input files
compilation terminated.
configure:2876: $? = 1
configure:2896: checking whether the C compiler works
configure:2918: powerpc-eabi-gcc  -I/c/devkitPro/portlibs/ppc/include -L/c/devkitPro/portlibs/ppc/lib conftest.c  >&5
configure:2922: $? = 0
configure:2970: result: yes
configure:2973: checking for C compiler default output file name
configure:2975: result: a.out
configure:2981: checking for suffix of executables
configure:2988: powerpc-eabi-gcc -o conftest  -I/c/devkitPro/portlibs/ppc/include -L/c/devkitPro/portlibs/ppc/lib conftest.c  >&5
configure:2992: $? = 0
configure:3014: result: 
configure:3036: checking whether we are cross compiling
configure:3044: powerpc-eabi-gcc -o conftest  -I/c/devkitPro/portlibs/ppc/include -L/c/devkitPro/portlibs/ppc/lib conftest.c  >&5
configure:3048: $? = 0
configure:3055: ./conftest
./conftest: ./conftest: cannot execute binary file
configure:3059: $? = 126
configure:3074: result: yes
configure:3079: checking for suffix of object files
configure:3101: powerpc-eabi-gcc -c  -I/c/devkitPro/portlibs/ppc/include conftest.c >&5
configure:3105: $? = 0
configure:3126: result: o
configure:3130: checking whether we are using the GNU C compiler
configure:3149: powerpc-eabi-gcc -c  -I/c/devkitPro/portlibs/ppc/include conftest.c >&5
configure:3149: $? = 0
configure:3158: result: yes
configure:3167: checking whether powerpc-eabi-gcc accepts -g
configure:3187: powerpc-eabi-gcc -c -g -I/c/devkitPro/portlibs/ppc/include conftest.c >&5
configure:3187: $? = 0
configure:3228: result: yes
configure:3245: checking for powerpc-eabi-gcc option to accept ISO C89
configure:3308: powerpc-eabi-gcc  -c -g -O2 -I/c/devkitPro/portlibs/ppc/include conftest.c >&5
configure:3308: $? = 0
configure:3321: result: none needed
configure:3346: checking how to run the C preprocessor
configure:3377: powerpc-eabi-gcc -E -I/c/devkitPro/portlibs/ppc/include conftest.c
configure:3377: $? = 0
configure:3391: powerpc-eabi-gcc -E -I/c/devkitPro/portlibs/ppc/include conftest.c
conftest.c:9:28: fatal error: ac_nonexistent.h: No such file or directory
compilation terminated.
configure:3391: $? = 1
configure: failed program was:
| /* confdefs.h */
| #define PACKAGE_NAME "FreeType"
| #define PACKAGE_TARNAME "freetype"
| #define PACKAGE_VERSION "2.4.10"
| #define PACKAGE_STRING "FreeType 2.4.10"
| #define PACKAGE_BUGREPORT "freetype@nongnu.org"
| #define PACKAGE_URL ""
| /* end confdefs.h.  */
| #include <ac_nonexistent.h>
configure:3416: result: powerpc-eabi-gcc -E
configure:3436: powerpc-eabi-gcc -E -I/c/devkitPro/portlibs/ppc/include conftest.c
configure:3436: $? = 0
configure:3450: powerpc-eabi-gcc -E -I/c/devkitPro/portlibs/ppc/include conftest.c
conftest.c:9:28: fatal error: ac_nonexistent.h: No such file or directory
compilation terminated.
configure:3450: $? = 1
configure: failed program was:
| /* confdefs.h */
| #define PACKAGE_NAME "FreeType"
| #define PACKAGE_TARNAME "freetype"
| #define PACKAGE_VERSION "2.4.10"
| #define PACKAGE_STRING "FreeType 2.4.10"
| #define PACKAGE_BUGREPORT "freetype@nongnu.org"
| #define PACKAGE_URL ""
| /* end confdefs.h.  */
| #include <ac_nonexistent.h>
configure:3486: checking for i686-pc-mingw32-gcc
configure:3516: result: no
configure:3523: checking for gcc
configure:3539: found /mingw/bin/gcc
configure:3550: result: gcc
configure:3560: checking for gcc
configure:3604: result: gcc
configure:3614: checking for suffix of native executables
configure:3628: result: 
configure:3644: checking for rm
configure:3660: found /bin/rm
configure:3671: result: rm -f
configure:3681: checking for rmdir
configure:3697: found /bin/rmdir
configure:3708: result: rmdir
configure:3736: checking for a BSD-compatible install
configure:3804: result: /bin/install -c
configure:3828: checking for grep that handles long lines and -e
configure:3886: result: /bin/grep
configure:3891: checking for egrep
configure:3953: result: /bin/grep -E
configure:3958: checking for ANSI C header files
configure:3978: powerpc-eabi-gcc -c -g -O2 -I/c/devkitPro/portlibs/ppc/include conftest.c >&5
configure:3978: $? = 0
configure:4062: result: yes
configure:4075: checking for sys/types.h
configure:4075: powerpc-eabi-gcc -c -g -O2 -I/c/devkitPro/portlibs/ppc/include conftest.c >&5
configure:4075: $? = 0
configure:4075: result: yes
configure:4075: checking for sys/stat.h
configure:4075: powerpc-eabi-gcc -c -g -O2 -I/c/devkitPro/portlibs/ppc/include conftest.c >&5
configure:4075: $? = 0
configure:4075: result: yes
configure:4075: checking for stdlib.h
configure:4075: powerpc-eabi-gcc -c -g -O2 -I/c/devkitPro/portlibs/ppc/include conftest.c >&5
configure:4075: $? = 0
configure:4075: result: yes
configure:4075: checking for string.h
configure:4075: powerpc-eabi-gcc -c -g -O2 -I/c/devkitPro/portlibs/ppc/include conftest.c >&5
configure:4075: $? = 0
configure:4075: result: yes
configure:4075: checking for memory.h
configure:4075: powerpc-eabi-gcc -c -g -O2 -I/c/devkitPro/portlibs/ppc/include conftest.c >&5
conftest.c:48:20: fatal error: memory.h: No such file or directory
compilation terminated.
configure:4075: $? = 1
configure: failed program was:
| /* confdefs.h */
| #define PACKAGE_NAME "FreeType"
| #define PACKAGE_TARNAME "freetype"
| #define PACKAGE_VERSION "2.4.10"
| #define PACKAGE_STRING "FreeType 2.4.10"
| #define PACKAGE_BUGREPORT "freetype@nongnu.org"
| #define PACKAGE_URL ""
| #define STDC_HEADERS 1
| #define HAVE_SYS_TYPES_H 1
| #define HAVE_SYS_STAT_H 1
| #define HAVE_STDLIB_H 1
| #define HAVE_STRING_H 1
| /* end confdefs.h.  */
| #include <stdio.h>
| #ifdef HAVE_SYS_TYPES_H
| # include <sys/types.h>
| #endif
| #ifdef HAVE_SYS_STAT_H
| # include <sys/stat.h>
| #endif
| #ifdef STDC_HEADERS
| # include <stdlib.h>
| # include <stddef.h>
| #else
| # ifdef HAVE_STDLIB_H
| #  include <stdlib.h>
| # endif
| #endif
| #ifdef HAVE_STRING_H
| # if !defined STDC_HEADERS && defined HAVE_MEMORY_H
| #  include <memory.h>
| # endif
| # include <string.h>
| #endif
| #ifdef HAVE_STRINGS_H
| # include <strings.h>
| #endif
| #ifdef HAVE_INTTYPES_H
| # include <inttypes.h>
| #endif
| #ifdef HAVE_STDINT_H
| # include <stdint.h>
| #endif
| #ifdef HAVE_UNISTD_H
| # include <unistd.h>
| #endif
| 
| #include <memory.h>
configure:4075: result: no
configure:4075: checking for strings.h
configure:4075: powerpc-eabi-gcc -c -g -O2 -I/c/devkitPro/portlibs/ppc/include conftest.c >&5
configure:4075: $? = 0
configure:4075: result: yes
configure:4075: checking for inttypes.h
configure:4075: powerpc-eabi-gcc -c -g -O2 -I/c/devkitPro/portlibs/ppc/include conftest.c >&5
configure:4075: $? = 0
configure:4075: result: yes
configure:4075: checking for stdint.h
configure:4075: powerpc-eabi-gcc -c -g -O2 -I/c/devkitPro/portlibs/ppc/include conftest.c >&5
configure:4075: $? = 0
configure:4075: result: yes
configure:4075: checking for unistd.h
configure:4075: powerpc-eabi-gcc -c -g -O2 -I/c/devkitPro/portlibs/ppc/include conftest.c >&5
configure:4075: $? = 0
configure:4075: result: yes
configure:4090: checking fcntl.h usability
configure:4090: powerpc-eabi-gcc -c -g -O2 -I/c/devkitPro/portlibs/ppc/include conftest.c >&5
configure:4090: $? = 0
configure:4090: result: yes
configure:4090: checking fcntl.h presence
configure:4090: powerpc-eabi-gcc -E -I/c/devkitPro/portlibs/ppc/include conftest.c
configure:4090: $? = 0
configure:4090: result: yes
configure:4090: checking for fcntl.h
configure:4090: result: yes
configure:4090: checking for unistd.h
configure:4090: result: yes
configure:4104: checking for an ANSI C-conforming const
configure:4170: powerpc-eabi-gcc -c -g -O2 -I/c/devkitPro/portlibs/ppc/include conftest.c >&5
configure:4170: $? = 0
configure:4177: result: yes
configure:4189: checking size of int
configure:4194: powerpc-eabi-gcc -c -g -O2 -I/c/devkitPro/portlibs/ppc/include conftest.c >&5
configure:4194: $? = 0
configure:4194: powerpc-eabi-gcc -c -g -O2 -I/c/devkitPro/portlibs/ppc/include conftest.c >&5
conftest.c: In function 'main':
conftest.c:56:12: error: size of array 'test_array' is negative
configure:4194: $? = 1
configure: failed program was:
| /* confdefs.h */
| #define PACKAGE_NAME "FreeType"
| #define PACKAGE_TARNAME "freetype"
| #define PACKAGE_VERSION "2.4.10"
| #define PACKAGE_STRING "FreeType 2.4.10"
| #define PACKAGE_BUGREPORT "freetype@nongnu.org"
| #define PACKAGE_URL ""
| #define STDC_HEADERS 1
| #define HAVE_SYS_TYPES_H 1
| #define HAVE_SYS_STAT_H 1
| #define HAVE_STDLIB_H 1
| #define HAVE_STRING_H 1
| #define HAVE_STRINGS_H 1
| #define HAVE_INTTYPES_H 1
| #define HAVE_STDINT_H 1
| #define HAVE_UNISTD_H 1
| #define HAVE_FCNTL_H 1
| #define HAVE_UNISTD_H 1
| /* end confdefs.h.  */
| #include <stdio.h>
| #ifdef HAVE_SYS_TYPES_H
| # include <sys/types.h>
| #endif
| #ifdef HAVE_SYS_STAT_H
| # include <sys/stat.h>
| #endif
| #ifdef STDC_HEADERS
| # include <stdlib.h>
| # include <stddef.h>
| #else
| # ifdef HAVE_STDLIB_H
| #  include <stdlib.h>
| # endif
| #endif
| #ifdef HAVE_STRING_H
| # if !defined STDC_HEADERS && defined HAVE_MEMORY_H
| #  include <memory.h>
| # endif
| # include <string.h>
| #endif
| #ifdef HAVE_STRINGS_H
| # include <strings.h>
| #endif
| #ifdef HAVE_INTTYPES_H
| # include <inttypes.h>
| #endif
| #ifdef HAVE_STDINT_H
| # include <stdint.h>
| #endif
| #ifdef HAVE_UNISTD_H
| # include <unistd.h>
| #endif
| int
| main ()
| {
| static int test_array [1 - 2 * !(((long int) (sizeof (int))) <= 0)];
| test_array [0] = 0;
| return test_array [0];
| 
|   ;
|   return 0;
| }
configure:4194: powerpc-eabi-gcc -c -g -O2 -I/c/devkitPro/portlibs/ppc/include conftest.c >&5
conftest.c: In function 'main':
conftest.c:56:12: error: size of array 'test_array' is negative
configure:4194: $? = 1
configure: failed program was:
| /* confdefs.h */
| #define PACKAGE_NAME "FreeType"
| #define PACKAGE_TARNAME "freetype"
| #define PACKAGE_VERSION "2.4.10"
| #define PACKAGE_STRING "FreeType 2.4.10"
| #define PACKAGE_BUGREPORT "freetype@nongnu.org"
| #define PACKAGE_URL ""
| #define STDC_HEADERS 1
| #define HAVE_SYS_TYPES_H 1
| #define HAVE_SYS_STAT_H 1
| #define HAVE_STDLIB_H 1
| #define HAVE_STRING_H 1
| #define HAVE_STRINGS_H 1
| #define HAVE_INTTYPES_H 1
| #define HAVE_STDINT_H 1
| #define HAVE_UNISTD_H 1
| #define HAVE_FCNTL_H 1
| #define HAVE_UNISTD_H 1
| /* end confdefs.h.  */
| #include <stdio.h>
| #ifdef HAVE_SYS_TYPES_H
| # include <sys/types.h>
| #endif
| #ifdef HAVE_SYS_STAT_H
| # include <sys/stat.h>
| #endif
| #ifdef STDC_HEADERS
| # include <stdlib.h>
| # include <stddef.h>
| #else
| # ifdef HAVE_STDLIB_H
| #  include <stdlib.h>
| # endif
| #endif
| #ifdef HAVE_STRING_H
| # if !defined STDC_HEADERS && defined HAVE_MEMORY_H
| #  include <memory.h>
| # endif
| # include <string.h>
| #endif
| #ifdef HAVE_STRINGS_H
| # include <strings.h>
| #endif
| #ifdef HAVE_INTTYPES_H
| # include <inttypes.h>
| #endif
| #ifdef HAVE_STDINT_H
| # include <stdint.h>
| #endif
| #ifdef HAVE_UNISTD_H
| # include <unistd.h>
| #endif
| int
| main ()
| {
| static int test_array [1 - 2 * !(((long int) (sizeof (int))) <= 1)];
| test_array [0] = 0;
| return test_array [0];
| 
|   ;
|   return 0;
| }
configure:4194: powerpc-eabi-gcc -c -g -O2 -I/c/devkitPro/portlibs/ppc/include conftest.c >&5
conftest.c: In function 'main':
conftest.c:56:12: error: size of array 'test_array' is negative
configure:4194: $? = 1
configure: failed program was:
| /* confdefs.h */
| #define PACKAGE_NAME "FreeType"
| #define PACKAGE_TARNAME "freetype"
| #define PACKAGE_VERSION "2.4.10"
| #define PACKAGE_STRING "FreeType 2.4.10"
| #define PACKAGE_BUGREPORT "freetype@nongnu.org"
| #define PACKAGE_URL ""
| #define STDC_HEADERS 1
| #define HAVE_SYS_TYPES_H 1
| #define HAVE_SYS_STAT_H 1
| #define HAVE_STDLIB_H 1
| #define HAVE_STRING_H 1
| #define HAVE_STRINGS_H 1
| #define HAVE_INTTYPES_H 1
| #define HAVE_STDINT_H 1
| #define HAVE_UNISTD_H 1
| #define HAVE_FCNTL_H 1
| #define HAVE_UNISTD_H 1
| /* end confdefs.h.  */
| #include <stdio.h>
| #ifdef HAVE_SYS_TYPES_H
| # include <sys/types.h>
| #endif
| #ifdef HAVE_SYS_STAT_H
| # include <sys/stat.h>
| #endif
| #ifdef STDC_HEADERS
| # include <stdlib.h>
| # include <stddef.h>
| #else
| # ifdef HAVE_STDLIB_H
| #  include <stdlib.h>
| # endif
| #endif
| #ifdef HAVE_STRING_H
| # if !defined STDC_HEADERS && defined HAVE_MEMORY_H
| #  include <memory.h>
| # endif
| # include <string.h>
| #endif
| #ifdef HAVE_STRINGS_H
| # include <strings.h>
| #endif
| #ifdef HAVE_INTTYPES_H
| # include <inttypes.h>
| #endif
| #ifdef HAVE_STDINT_H
| # include <stdint.h>
| #endif
| #ifdef HAVE_UNISTD_H
| # include <unistd.h>
| #endif
| int
| main ()
| {
| static int test_array [1 - 2 * !(((long int) (sizeof (int))) <= 3)];
| test_array [0] = 0;
| return test_array [0];
| 
|   ;
|   return 0;
| }
configure:4194: powerpc-eabi-gcc -c -g -O2 -I/c/devkitPro/portlibs/ppc/include conftest.c >&5
configure:4194: $? = 0
configure:4194: powerpc-eabi-gcc -c -g -O2 -I/c/devkitPro/portlibs/ppc/include conftest.c >&5
configure:4194: $? = 0
configure:4194: powerpc-eabi-gcc -c -g -O2 -I/c/devkitPro/portlibs/ppc/include conftest.c >&5
configure:4194: $? = 0
configure:4208: result: 4
configure:4222: checking size of long
configure:4227: powerpc-eabi-gcc -c -g -O2 -I/c/devkitPro/portlibs/ppc/include conftest.c >&5
configure:4227: $? = 0
configure:4227: powerpc-eabi-gcc -c -g -O2 -I/c/devkitPro/portlibs/ppc/include conftest.c >&5
conftest.c: In function 'main':
conftest.c:57:12: error: size of array 'test_array' is negative
configure:4227: $? = 1
configure: failed program was:
| /* confdefs.h */
| #define PACKAGE_NAME "FreeType"
| #define PACKAGE_TARNAME "freetype"
| #define PACKAGE_VERSION "2.4.10"
| #define PACKAGE_STRING "FreeType 2.4.10"
| #define PACKAGE_BUGREPORT "freetype@nongnu.org"
| #define PACKAGE_URL ""
| #define STDC_HEADERS 1
| #define HAVE_SYS_TYPES_H 1
| #define HAVE_SYS_STAT_H 1
| #define HAVE_STDLIB_H 1
| #define HAVE_STRING_H 1
| #define HAVE_STRINGS_H 1
| #define HAVE_INTTYPES_H 1
| #define HAVE_STDINT_H 1
| #define HAVE_UNISTD_H 1
| #define HAVE_FCNTL_H 1
| #define HAVE_UNISTD_H 1
| #define SIZEOF_INT 4
| /* end confdefs.h.  */
| #include <stdio.h>
| #ifdef HAVE_SYS_TYPES_H
| # include <sys/types.h>
| #endif
| #ifdef HAVE_SYS_STAT_H
| # include <sys/stat.h>
| #endif
| #ifdef STDC_HEADERS
| # include <stdlib.h>
| # include <stddef.h>
| #else
| # ifdef HAVE_STDLIB_H
| #  include <stdlib.h>
| # endif
| #endif
| #ifdef HAVE_STRING_H
| # if !defined STDC_HEADERS && defined HAVE_MEMORY_H
| #  include <memory.h>
| # endif
| # include <string.h>
| #endif
| #ifdef HAVE_STRINGS_H
| # include <strings.h>
| #endif
| #ifdef HAVE_INTTYPES_H
| # include <inttypes.h>
| #endif
| #ifdef HAVE_STDINT_H
| # include <stdint.h>
| #endif
| #ifdef HAVE_UNISTD_H
| # include <unistd.h>
| #endif
| int
| main ()
| {
| static int test_array [1 - 2 * !(((long int) (sizeof (long))) <= 0)];
| test_array [0] = 0;
| return test_array [0];
| 
|   ;
|   return 0;
| }
configure:4227: powerpc-eabi-gcc -c -g -O2 -I/c/devkitPro/portlibs/ppc/include conftest.c >&5
conftest.c: In function 'main':
conftest.c:57:12: error: size of array 'test_array' is negative
configure:4227: $? = 1
configure: failed program was:
| /* confdefs.h */
| #define PACKAGE_NAME "FreeType"
| #define PACKAGE_TARNAME "freetype"
| #define PACKAGE_VERSION "2.4.10"
| #define PACKAGE_STRING "FreeType 2.4.10"
| #define PACKAGE_BUGREPORT "freetype@nongnu.org"
| #define PACKAGE_URL ""
| #define STDC_HEADERS 1
| #define HAVE_SYS_TYPES_H 1
| #define HAVE_SYS_STAT_H 1
| #define HAVE_STDLIB_H 1
| #define HAVE_STRING_H 1
| #define HAVE_STRINGS_H 1
| #define HAVE_INTTYPES_H 1
| #define HAVE_STDINT_H 1
| #define HAVE_UNISTD_H 1
| #define HAVE_FCNTL_H 1
| #define HAVE_UNISTD_H 1
| #define SIZEOF_INT 4
| /* end confdefs.h.  */
| #include <stdio.h>
| #ifdef HAVE_SYS_TYPES_H
| # include <sys/types.h>
| #endif
| #ifdef HAVE_SYS_STAT_H
| # include <sys/stat.h>
| #endif
| #ifdef STDC_HEADERS
| # include <stdlib.h>
| # include <stddef.h>
| #else
| # ifdef HAVE_STDLIB_H
| #  include <stdlib.h>
| # endif
| #endif
| #ifdef HAVE_STRING_H
| # if !defined STDC_HEADERS && defined HAVE_MEMORY_H
| #  include <memory.h>
| # endif
| # include <string.h>
| #endif
| #ifdef HAVE_STRINGS_H
| # include <strings.h>
| #endif
| #ifdef HAVE_INTTYPES_H
| # include <inttypes.h>
| #endif
| #ifdef HAVE_STDINT_H
| # include <stdint.h>
| #endif
| #ifdef HAVE_UNISTD_H
| # include <unistd.h>
| #endif
| int
| main ()
| {
| static int test_array [1 - 2 * !(((long int) (sizeof (long))) <= 1)];
| test_array [0] = 0;
| return test_array [0];
| 
|   ;
|   return 0;
| }
configure:4227: powerpc-eabi-gcc -c -g -O2 -I/c/devkitPro/portlibs/ppc/include conftest.c >&5
conftest.c: In function 'main':
conftest.c:57:12: error: size of array 'test_array' is negative
configure:4227: $? = 1
configure: failed program was:
| /* confdefs.h */
| #define PACKAGE_NAME "FreeType"
| #define PACKAGE_TARNAME "freetype"
| #define PACKAGE_VERSION "2.4.10"
| #define PACKAGE_STRING "FreeType 2.4.10"
| #define PACKAGE_BUGREPORT "freetype@nongnu.org"
| #define PACKAGE_URL ""
| #define STDC_HEADERS 1
| #define HAVE_SYS_TYPES_H 1
| #define HAVE_SYS_STAT_H 1
| #define HAVE_STDLIB_H 1
| #define HAVE_STRING_H 1
| #define HAVE_STRINGS_H 1
| #define HAVE_INTTYPES_H 1
| #define HAVE_STDINT_H 1
| #define HAVE_UNISTD_H 1
| #define HAVE_FCNTL_H 1
| #define HAVE_UNISTD_H 1
| #define SIZEOF_INT 4
| /* end confdefs.h.  */
| #include <stdio.h>
| #ifdef HAVE_SYS_TYPES_H
| # include <sys/types.h>
| #endif
| #ifdef HAVE_SYS_STAT_H
| # include <sys/stat.h>
| #endif
| #ifdef STDC_HEADERS
| # include <stdlib.h>
| # include <stddef.h>
| #else
| # ifdef HAVE_STDLIB_H
| #  include <stdlib.h>
| # endif
| #endif
| #ifdef HAVE_STRING_H
| # if !defined STDC_HEADERS && defined HAVE_MEMORY_H
| #  include <memory.h>
| # endif
| # include <string.h>
| #endif
| #ifdef HAVE_STRINGS_H
| # include <strings.h>
| #endif
| #ifdef HAVE_INTTYPES_H
| # include <inttypes.h>
| #endif
| #ifdef HAVE_STDINT_H
| # include <stdint.h>
| #endif
| #ifdef HAVE_UNISTD_H
| # include <unistd.h>
| #endif
| int
| main ()
| {
| static int test_array [1 - 2 * !(((long int) (sizeof (long))) <= 3)];
| test_array [0] = 0;
| return test_array [0];
| 
|   ;
|   return 0;
| }
configure:4227: powerpc-eabi-gcc -c -g -O2 -I/c/devkitPro/portlibs/ppc/include conftest.c >&5
configure:4227: $? = 0
configure:4227: powerpc-eabi-gcc -c -g -O2 -I/c/devkitPro/portlibs/ppc/include conftest.c >&5
configure:4227: $? = 0
configure:4227: powerpc-eabi-gcc -c -g -O2 -I/c/devkitPro/portlibs/ppc/include conftest.c >&5
configure:4227: $? = 0
configure:4241: result: 4
configure:4255: checking whether cpp computation of bit length in ftconfig.in works
configure:4306: result: yes
configure:4344: checking for stdlib.h
configure:4344: result: yes
configure:4344: checking for unistd.h
configure:4344: result: yes
configure:4344: checking for sys/param.h
configure:4344: powerpc-eabi-gcc -c -g -O2 -I/c/devkitPro/portlibs/ppc/include conftest.c >&5
configure:4344: $? = 0
configure:4344: result: yes
configure:4364: checking for getpagesize
configure:4364: powerpc-eabi-gcc -o conftest -g -O2 -I/c/devkitPro/portlibs/ppc/include -L/c/devkitPro/portlibs/ppc/lib conftest.c  >&5
C:\Users\ADMINI~1\AppData\Local\Temp\ccAEtbLw.o: In function `main':
c:\freetype-2.4.10\builds\unix/conftest.c:59: undefined reference to `getpagesize'
collect2: ld returned 1 exit status
configure:4364: $? = 1
configure: failed program was:
| /* confdefs.h */
| #define PACKAGE_NAME "FreeType"
| #define PACKAGE_TARNAME "freetype"
| #define PACKAGE_VERSION "2.4.10"
| #define PACKAGE_STRING "FreeType 2.4.10"
| #define PACKAGE_BUGREPORT "freetype@nongnu.org"
| #define PACKAGE_URL ""
| #define STDC_HEADERS 1
| #define HAVE_SYS_TYPES_H 1
| #define HAVE_SYS_STAT_H 1
| #define HAVE_STDLIB_H 1
| #define HAVE_STRING_H 1
| #define HAVE_STRINGS_H 1
| #define HAVE_INTTYPES_H 1
| #define HAVE_STDINT_H 1
| #define HAVE_UNISTD_H 1
| #define HAVE_FCNTL_H 1
| #define HAVE_UNISTD_H 1
| #define SIZEOF_INT 4
| #define SIZEOF_LONG 4
| #define HAVE_STDLIB_H 1
| #define HAVE_UNISTD_H 1
| #define HAVE_SYS_PARAM_H 1
| /* end confdefs.h.  */
| /* Define getpagesize to an innocuous variant, in case <limits.h> declares getpagesize.
|    For example, HP-UX 11i <limits.h> declares gettimeofday.  */
| #define getpagesize innocuous_getpagesize
| 
| /* System header to define __stub macros and hopefully few prototypes,
|     which can conflict with char getpagesize (); below.
|     Prefer <limits.h> to <assert.h> if __STDC__ is defined, since
|     <limits.h> exists even on freestanding compilers.  */
| 
| #ifdef __STDC__
| # include <limits.h>
| #else
| # include <assert.h>
| #endif
| 
| #undef getpagesize
| 
| /* Override any GCC internal prototype to avoid an error.
|    Use char because int might match the return type of a GCC
|    builtin and then its argument prototype would still apply.  */
| #ifdef __cplusplus
| extern "C"
| #endif
| char getpagesize ();
| /* The GNU C library defines this for functions which it implements
|     to always fail with ENOSYS.  Some functions are actually named
|     something starting with __ and the normal name is an alias.  */
| #if defined __stub_getpagesize || defined __stub___getpagesize
| choke me
| #endif
| 
| int
| main ()
| {
| return getpagesize ();
|   ;
|   return 0;
| }
configure:4364: result: no
configure:4373: checking for working mmap
configure:4530: result: no
configure:4598: checking for memcpy
configure:4598: powerpc-eabi-gcc -o conftest -g -O2 -I/c/devkitPro/portlibs/ppc/include -L/c/devkitPro/portlibs/ppc/lib conftest.c  >&5
conftest.c:48:6: warning: conflicting types for built-in function 'memcpy' [enabled by default]
configure:4598: $? = 0
configure:4598: result: yes
configure:4598: checking for memmove
configure:4598: powerpc-eabi-gcc -o conftest -g -O2 -I/c/devkitPro/portlibs/ppc/include -L/c/devkitPro/portlibs/ppc/lib conftest.c  >&5
conftest.c:49:6: warning: conflicting types for built-in function 'memmove' [enabled by default]
configure:4598: $? = 0
configure:4598: result: yes
configure:4621: checking gcc compiler flag -pedantic to assure ANSI C works correctly
configure:4638: powerpc-eabi-gcc -c -g -O2  -pedantic -I/c/devkitPro/portlibs/ppc/include conftest.c >&5
configure:4638: $? = 0
configure:4640: result: ok, add it to XX_ANSIFLAGS
configure:4621: checking gcc compiler flag -ansi to assure ANSI C works correctly
configure:4638: powerpc-eabi-gcc -c -g -O2  -pedantic -ansi -I/c/devkitPro/portlibs/ppc/include conftest.c >&5
configure:4638: $? = 0
configure:4640: result: ok, add it to XX_ANSIFLAGS
configure:4680: checking for gzsetparams in -lz
configure:4705: powerpc-eabi-gcc -o conftest -g -O2 -I/c/devkitPro/portlibs/ppc/include -L/c/devkitPro/portlibs/ppc/lib conftest.c -lz   >&5
configure:4705: $? = 0
configure:4714: result: yes
configure:4717: checking zlib.h usability
configure:4717: powerpc-eabi-gcc -c -g -O2 -I/c/devkitPro/portlibs/ppc/include conftest.c >&5
configure:4717: $? = 0
configure:4717: result: yes
configure:4717: checking zlib.h presence
configure:4717: powerpc-eabi-gcc -E -I/c/devkitPro/portlibs/ppc/include conftest.c
configure:4717: $? = 0
configure:4717: result: yes
configure:4717: checking for zlib.h
configure:4717: result: yes
configure:4742: checking for BZ2_bzDecompress in -lbz2
configure:4767: powerpc-eabi-gcc -o conftest -g -O2 -DFT_CONFIG_OPTION_SYSTEM_ZLIB -I/c/devkitPro/portlibs/ppc/include -L/c/devkitPro/portlibs/ppc/lib -lz conftest.c -lbz2   >&5
c:/devkitpro/devkitppc/bin/../lib/gcc/powerpc-eabi/4.6.3/../../../../powerpc-eabi/bin/ld.exe: cannot find -lbz2
collect2: ld returned 1 exit status
configure:4767: $? = 1
configure: failed program was:
| /* confdefs.h */
| #define PACKAGE_NAME "FreeType"
| #define PACKAGE_TARNAME "freetype"
| #define PACKAGE_VERSION "2.4.10"
| #define PACKAGE_STRING "FreeType 2.4.10"
| #define PACKAGE_BUGREPORT "freetype@nongnu.org"
| #define PACKAGE_URL ""
| #define STDC_HEADERS 1
| #define HAVE_SYS_TYPES_H 1
| #define HAVE_SYS_STAT_H 1
| #define HAVE_STDLIB_H 1
| #define HAVE_STRING_H 1
| #define HAVE_STRINGS_H 1
| #define HAVE_INTTYPES_H 1
| #define HAVE_STDINT_H 1
| #define HAVE_UNISTD_H 1
| #define HAVE_FCNTL_H 1
| #define HAVE_UNISTD_H 1
| #define SIZEOF_INT 4
| #define SIZEOF_LONG 4
| #define HAVE_STDLIB_H 1
| #define HAVE_UNISTD_H 1
| #define HAVE_SYS_PARAM_H 1
| #define HAVE_MEMCPY 1
| #define HAVE_MEMMOVE 1
| /* end confdefs.h.  */
| 
| /* Override any GCC internal prototype to avoid an error.
|    Use char because int might match the return type of a GCC
|    builtin and then its argument prototype would still apply.  */
| #ifdef __cplusplus
| extern "C"
| #endif
| char BZ2_bzDecompress ();
| int
| main ()
| {
| return BZ2_bzDecompress ();
|   ;
|   return 0;
| }
configure:4776: result: no
configure:5428: checking how to print strings
configure:5455: result: printf
configure:5476: checking for a sed that does not truncate output
configure:5540: result: /bin/sed
configure:5558: checking for fgrep
configure:5620: result: /bin/grep -F
configure:5655: checking for ld used by powerpc-eabi-gcc
configure:5722: result: c:/devkitpro/devkitppc/powerpc-eabi/bin/ld.exe
configure:5729: checking if the linker (c:/devkitpro/devkitppc/powerpc-eabi/bin/ld.exe) is GNU ld
configure:5744: result: yes
configure:5756: checking for BSD- or MS-compatible name lister (nm)
configure:5805: result: /c/devkitpro/devkitPPC/bin/powerpc-eabi-nm
configure:5935: checking the name lister (/c/devkitpro/devkitPPC/bin/powerpc-eabi-nm) interface
configure:5942: powerpc-eabi-gcc -c -g -O2 -DFT_CONFIG_OPTION_SYSTEM_ZLIB -I/c/devkitPro/portlibs/ppc/include conftest.c >&5
configure:5945: /c/devkitpro/devkitPPC/bin/powerpc-eabi-nm "conftest.o"
configure:5948: output
00000000 S some_variable
configure:5955: result: BSD nm
configure:5958: checking whether ln -s works
configure:5965: result: no, using cp -pR
configure:5970: checking the maximum length of command line arguments
configure:6100: result: 8192
configure:6117: checking whether the shell understands some XSI constructs
configure:6127: result: yes
configure:6131: checking whether the shell understands "+="
configure:6137: result: yes
configure:6172: checking how to convert i686-pc-mingw32 file names to powerpc-unknown-eabi format
configure:6212: result: func_convert_file_noop
configure:6219: checking how to convert i686-pc-mingw32 file names to toolchain format
configure:6239: result: func_convert_file_noop
configure:6246: checking for c:/devkitpro/devkitppc/powerpc-eabi/bin/ld.exe option to reload object files
configure:6253: result: -r
configure:6287: checking for powerpc-eabi-objdump
configure:6303: found /c/devkitpro/devkitPPC/bin/powerpc-eabi-objdump
configure:6314: result: powerpc-eabi-objdump
configure:6383: checking how to recognize dependent libraries
configure:6585: result: unknown
configure:6630: checking for powerpc-eabi-dlltool
configure:6660: result: no
configure:6670: checking for dlltool
configure:6686: found /mingw/bin/dlltool
configure:6697: result: dlltool
configure:6709: WARNING: using cross tools not prefixed with host triplet
configure:6727: checking how to associate runtime and link libraries
configure:6754: result: printf %s\n
configure:6770: checking for powerpc-eabi-ar
configure:6786: found /c/devkitpro/devkitPPC/bin/powerpc-eabi-ar
configure:6797: result: powerpc-eabi-ar
configure:6878: checking for archiver @FILE support
configure:6895: powerpc-eabi-gcc -c -g -O2 -DFT_CONFIG_OPTION_SYSTEM_ZLIB -I/c/devkitPro/portlibs/ppc/include conftest.c >&5
configure:6895: $? = 0
configure:6898: powerpc-eabi-ar cru libconftest.a @conftest.lst >&5
configure:6901: $? = 0
configure:6906: powerpc-eabi-ar cru libconftest.a @conftest.lst >&5
c:\devkitpro\devkitPPC\bin\powerpc-eabi-ar.exe: conftest.o: No such file or directory
configure:6909: $? = 1
configure:6921: result: @
configure:6939: checking for powerpc-eabi-strip
configure:6955: found /c/devkitpro/devkitPPC/bin/powerpc-eabi-strip
configure:6966: result: powerpc-eabi-strip
configure:7038: checking for powerpc-eabi-ranlib
configure:7054: found /c/devkitpro/devkitPPC/bin/powerpc-eabi-ranlib
configure:7065: result: powerpc-eabi-ranlib
configure:7182: checking for gawk
configure:7198: found /bin/gawk
configure:7209: result: gawk
configure:7249: checking command to parse /c/devkitpro/devkitPPC/bin/powerpc-eabi-nm output from powerpc-eabi-gcc object
configure:7369: powerpc-eabi-gcc -c -g -O2 -DFT_CONFIG_OPTION_SYSTEM_ZLIB -I/c/devkitPro/portlibs/ppc/include conftest.c >&5
configure:7372: $? = 0
configure:7376: /c/devkitpro/devkitPPC/bin/powerpc-eabi-nm conftest.o \| sed -n -e 's/^.*[ ]\([ABCDGIRSTW][ABCDGIRSTW]*\)[ ][ ]*\([_A-Za-z][_A-Za-z0-9]*\)\{0,1\}$/\1 \2 \2/p' | sed '/ __gnu_lto/d' \> conftest.nm
configure:7379: $? = 0
configure:7445: powerpc-eabi-gcc -o conftest -g -O2 -DFT_CONFIG_OPTION_SYSTEM_ZLIB -I/c/devkitPro/portlibs/ppc/include -L/c/devkitPro/portlibs/ppc/lib -lz conftest.c conftstm.o >&5
configure:7448: $? = 0
configure:7486: result: ok
configure:7523: checking for sysroot
configure:7553: result: no
configure:7769: checking for powerpc-eabi-mt
configure:7799: result: no
configure:7809: checking for mt
configure:7839: result: no
configure:7859: checking if : is a manifest tool
configure:7865: : '-?'
configure:7873: result: no
configure:8512: checking for dlfcn.h
configure:8512: powerpc-eabi-gcc -c -g -O2 -DFT_CONFIG_OPTION_SYSTEM_ZLIB -I/c/devkitPro/portlibs/ppc/include conftest.c >&5
conftest.c:61:19: fatal error: dlfcn.h: No such file or directory
compilation terminated.
configure:8512: $? = 1
configure: failed program was:
| /* confdefs.h */
| #define PACKAGE_NAME "FreeType"
| #define PACKAGE_TARNAME "freetype"
| #define PACKAGE_VERSION "2.4.10"
| #define PACKAGE_STRING "FreeType 2.4.10"
| #define PACKAGE_BUGREPORT "freetype@nongnu.org"
| #define PACKAGE_URL ""
| #define STDC_HEADERS 1
| #define HAVE_SYS_TYPES_H 1
| #define HAVE_SYS_STAT_H 1
| #define HAVE_STDLIB_H 1
| #define HAVE_STRING_H 1
| #define HAVE_STRINGS_H 1
| #define HAVE_INTTYPES_H 1
| #define HAVE_STDINT_H 1
| #define HAVE_UNISTD_H 1
| #define HAVE_FCNTL_H 1
| #define HAVE_UNISTD_H 1
| #define SIZEOF_INT 4
| #define SIZEOF_LONG 4
| #define HAVE_STDLIB_H 1
| #define HAVE_UNISTD_H 1
| #define HAVE_SYS_PARAM_H 1
| #define HAVE_MEMCPY 1
| #define HAVE_MEMMOVE 1
| /* end confdefs.h.  */
| #include <stdio.h>
| #ifdef HAVE_SYS_TYPES_H
| # include <sys/types.h>
| #endif
| #ifdef HAVE_SYS_STAT_H
| # include <sys/stat.h>
| #endif
| #ifdef STDC_HEADERS
| # include <stdlib.h>
| # include <stddef.h>
| #else
| # ifdef HAVE_STDLIB_H
| #  include <stdlib.h>
| # endif
| #endif
| #ifdef HAVE_STRING_H
| # if !defined STDC_HEADERS && defined HAVE_MEMORY_H
| #  include <memory.h>
| # endif
| # include <string.h>
| #endif
| #ifdef HAVE_STRINGS_H
| # include <strings.h>
| #endif
| #ifdef HAVE_INTTYPES_H
| # include <inttypes.h>
| #endif
| #ifdef HAVE_STDINT_H
| # include <stdint.h>
| #endif
| #ifdef HAVE_UNISTD_H
| # include <unistd.h>
| #endif
| 
| #include <dlfcn.h>
configure:8512: result: no
configure:9016: checking for objdir
configure:9031: result: .libs
configure:9298: checking if powerpc-eabi-gcc supports -fno-rtti -fno-exceptions
configure:9316: powerpc-eabi-gcc -c -g -O2 -DFT_CONFIG_OPTION_SYSTEM_ZLIB -I/c/devkitPro/portlibs/ppc/include -fno-rtti -fno-exceptions conftest.c >&5
cc1.exe: warning: command line option '-fno-rtti' is valid for C++/ObjC++ but not for C [enabled by default]
configure:9320: $? = 0
configure:9333: result: no
configure:9660: checking for powerpc-eabi-gcc option to produce PIC
configure:9667: result: -fPIC -DPIC
configure:9675: checking if powerpc-eabi-gcc PIC flag -fPIC -DPIC works
configure:9693: powerpc-eabi-gcc -c -g -O2 -DFT_CONFIG_OPTION_SYSTEM_ZLIB -I/c/devkitPro/portlibs/ppc/include -fPIC -DPIC -DPIC conftest.c >&5
configure:9697: $? = 0
configure:9710: result: yes
configure:9739: checking if powerpc-eabi-gcc static flag -static works
configure:9767: result: yes
configure:9782: checking if powerpc-eabi-gcc supports -c -o file.o
configure:9803: powerpc-eabi-gcc -c -g -O2 -DFT_CONFIG_OPTION_SYSTEM_ZLIB -I/c/devkitPro/portlibs/ppc/include -o out/conftest2.o conftest.c >&5
configure:9807: $? = 0
configure:9829: result: yes
configure:9837: checking if powerpc-eabi-gcc supports -c -o file.o
configure:9884: result: yes
configure:9917: checking whether the powerpc-eabi-gcc linker (c:/devkitpro/devkitppc/powerpc-eabi/bin/ld.exe) supports shared libraries
configure:11070: result: yes
configure:11310: checking dynamic linker characteristics
configure:12043: result: no
configure:12150: checking how to hardcode library paths into programs
configure:12175: result: immediate
configure:12715: checking whether stripping libraries is possible
configure:12720: result: yes
configure:12755: checking if libtool supports shared libraries
configure:12757: result: no
configure:12760: checking whether to build shared libraries
configure:12781: result: no
configure:12784: checking whether to build static libraries
configure:12788: result: yes
configure:12963: creating ./config.status

## ---------------------- ##
## Running config.status. ##
## ---------------------- ##

This file was extended by FreeType config.status 2.4.10, which was
generated by GNU Autoconf 2.69.  Invocation command line was

  CONFIG_FILES    = 
  CONFIG_HEADERS  = 
  CONFIG_LINKS    = 
  CONFIG_COMMANDS = 
  $ ./config.status 

on FIX94-PC

config.status:1067: creating unix-cc.mk
config.status:1067: creating unix-def.mk
config.status:1067: creating freetype-config
config.status:1067: creating freetype2.pc
config.status:1067: creating ftconfig.h
config.status:1256: executing libtool commands

## ---------------- ##
## Cache variables. ##
## ---------------- ##

ac_cv_build=i686-pc-mingw32
ac_cv_c_compiler_gnu=yes
ac_cv_c_const=yes
ac_cv_env_CC_set=
ac_cv_env_CC_value=
ac_cv_env_CFLAGS_set=
ac_cv_env_CFLAGS_value=
ac_cv_env_CPPFLAGS_set=set
ac_cv_env_CPPFLAGS_value=-I/c/devkitPro/portlibs/ppc/include
ac_cv_env_CPP_set=
ac_cv_env_CPP_value=
ac_cv_env_LDFLAGS_set=set
ac_cv_env_LDFLAGS_value=-L/c/devkitPro/portlibs/ppc/lib
ac_cv_env_LIBS_set=
ac_cv_env_LIBS_value=
ac_cv_env_build_alias_set=
ac_cv_env_build_alias_value=
ac_cv_env_host_alias_set=set
ac_cv_env_host_alias_value=powerpc-eabi
ac_cv_env_target_alias_set=
ac_cv_env_target_alias_value=
ac_cv_func_getpagesize=no
ac_cv_func_memcpy=yes
ac_cv_func_memmove=yes
ac_cv_func_mmap_fixed_mapped=no
ac_cv_header_dlfcn_h=no
ac_cv_header_fcntl_h=yes
ac_cv_header_inttypes_h=yes
ac_cv_header_memory_h=no
ac_cv_header_stdc=yes
ac_cv_header_stdint_h=yes
ac_cv_header_stdlib_h=yes
ac_cv_header_string_h=yes
ac_cv_header_strings_h=yes
ac_cv_header_sys_param_h=yes
ac_cv_header_sys_stat_h=yes
ac_cv_header_sys_types_h=yes
ac_cv_header_unistd_h=yes
ac_cv_header_zlib_h=yes
ac_cv_host=powerpc-unknown-eabi
ac_cv_lib_bz2_BZ2_bzDecompress=no
ac_cv_lib_z_gzsetparams=yes
ac_cv_objext=o
ac_cv_path_EGREP='/bin/grep -E'
ac_cv_path_FGREP='/bin/grep -F'
ac_cv_path_GREP=/bin/grep
ac_cv_path_SED=/bin/sed
ac_cv_path_install='/bin/install -c'
ac_cv_prog_AR=powerpc-eabi-ar
ac_cv_prog_AWK=gawk
ac_cv_prog_CC=powerpc-eabi-gcc
ac_cv_prog_CC_BUILD=gcc
ac_cv_prog_CPP='powerpc-eabi-gcc -E'
ac_cv_prog_OBJDUMP=powerpc-eabi-objdump
ac_cv_prog_RANLIB=powerpc-eabi-ranlib
ac_cv_prog_RMDIR=rmdir
ac_cv_prog_RMF='rm -f'
ac_cv_prog_STRIP=powerpc-eabi-strip
ac_cv_prog_ac_ct_DLLTOOL=dlltool
ac_cv_prog_cc_c89=
ac_cv_prog_cc_g=yes
ac_cv_sizeof_int=4
ac_cv_sizeof_long=4
lt_cv_ar_at_file=@
lt_cv_deplibs_check_method=unknown
lt_cv_file_magic_cmd='$MAGIC_CMD'
lt_cv_file_magic_test_file=
lt_cv_ld_reload_flag=-r
lt_cv_nm_interface='BSD nm'
lt_cv_objdir=.libs
lt_cv_path_LD=c:/devkitpro/devkitppc/powerpc-eabi/bin/ld.exe
lt_cv_path_NM=/c/devkitpro/devkitPPC/bin/powerpc-eabi-nm
lt_cv_path_mainfest_tool=no
lt_cv_prog_compiler_c_o=yes
lt_cv_prog_compiler_pic='-fPIC -DPIC'
lt_cv_prog_compiler_pic_works=yes
lt_cv_prog_compiler_rtti_exceptions=no
lt_cv_prog_compiler_static_works=yes
lt_cv_prog_gnu_ld=yes
lt_cv_sharedlib_from_linklib_cmd='printf %s\n'
lt_cv_sys_global_symbol_pipe='sed -n -e '\''s/^.*[	 ]\([ABCDGIRSTW][ABCDGIRSTW]*\)[	 ][	 ]*\([_A-Za-z][_A-Za-z0-9]*\)\{0,1\}$/\1 \2 \2/p'\'' | sed '\''/ __gnu_lto/d'\'''
lt_cv_sys_global_symbol_to_c_name_address='sed -n -e '\''s/^: \([^ ]*\)[ ]*$/  {\"\1\", (void *) 0},/p'\'' -e '\''s/^[ABCDGIRSTW]* \([^ ]*\) \([^ ]*\)$/  {"\2", (void *) \&\2},/p'\'''
lt_cv_sys_global_symbol_to_c_name_address_lib_prefix='sed -n -e '\''s/^: \([^ ]*\)[ ]*$/  {\"\1\", (void *) 0},/p'\'' -e '\''s/^[ABCDGIRSTW]* \([^ ]*\) \(lib[^ ]*\)$/  {"\2", (void *) \&\2},/p'\'' -e '\''s/^[ABCDGIRSTW]* \([^ ]*\) \([^ ]*\)$/  {"lib\2", (void *) \&\2},/p'\'''
lt_cv_sys_global_symbol_to_cdecl='sed -n -e '\''s/^T .* \(.*\)$/extern int \1();/p'\'' -e '\''s/^[ABCDGIRSTW]* .* \(.*\)$/extern char \1;/p'\'''
lt_cv_sys_max_cmd_len=8192
lt_cv_to_host_file_cmd=func_convert_file_noop
lt_cv_to_tool_file_cmd=func_convert_file_noop

## ----------------- ##
## Output variables. ##
## ----------------- ##

AR='powerpc-eabi-ar'
AS='as'
AWK='gawk'
CC='powerpc-eabi-gcc'
CC_BUILD='gcc'
CFLAGS='-g -O2 -DFT_CONFIG_OPTION_SYSTEM_ZLIB'
CPP='powerpc-eabi-gcc -E'
CPPFLAGS='-I/c/devkitPro/portlibs/ppc/include'
DEFS='-DHAVE_CONFIG_H'
DLLTOOL='dlltool'
DSYMUTIL=''
DUMPBIN=''
ECHO_C=''
ECHO_N='-n'
ECHO_T=''
EGREP='/bin/grep -E'
EXEEXT=''
EXEEXT_BUILD=''
FGREP='/bin/grep -F'
FT2_EXTRA_LIBS=''
FTSYS_SRC='$(BASE_DIR)/ftsystem.c'
GREP='/bin/grep'
INSTALL_DATA='${INSTALL} -m 644'
INSTALL_PROGRAM='${INSTALL}'
INSTALL_SCRIPT='${INSTALL}'
LD='c:/devkitpro/devkitppc/powerpc-eabi/bin/ld.exe'
LDFLAGS='-L/c/devkitPro/portlibs/ppc/lib -lz'
LIBBZ2=''
LIBOBJS=''
LIBS=''
LIBTOOL='$(SHELL) $(top_builddir)/libtool'
LIBZ='-lz'
LIPO=''
LN_S='cp -pR'
LTLIBOBJS=''
MANIFEST_TOOL=':'
NM='/c/devkitpro/devkitPPC/bin/powerpc-eabi-nm'
NMEDIT=''
OBJDUMP='powerpc-eabi-objdump'
OBJEXT='o'
OTOOL64=''
OTOOL=''
PACKAGE_BUGREPORT='freetype@nongnu.org'
PACKAGE_NAME='FreeType'
PACKAGE_STRING='FreeType 2.4.10'
PACKAGE_TARNAME='freetype'
PACKAGE_URL=''
PACKAGE_VERSION='2.4.10'
PATH_SEPARATOR=':'
RANLIB='powerpc-eabi-ranlib'
RMDIR='rmdir'
RMF='rm -f'
SED='/bin/sed'
SHELL='/bin/sh'
STRIP='powerpc-eabi-strip'
SYSTEM_ZLIB='yes'
XX_ANSIFLAGS=' -pedantic -ansi'
XX_CFLAGS='-Wall'
ac_ct_AR=''
ac_ct_CC=''
ac_ct_DUMPBIN=''
bindir='${exec_prefix}/bin'
build='i686-pc-mingw32'
build_alias=''
build_cpu='i686'
build_libtool_libs=''
build_os='mingw32'
build_vendor='pc'
datadir='${datarootdir}'
datarootdir='${prefix}/share'
docdir='${datarootdir}/doc/${PACKAGE_TARNAME}'
dvidir='${docdir}'
exec_prefix='${prefix}'
ft_version='15.0.9'
ftmac_c=''
hardcode_libdir_flag_spec='${wl}-rpath ${wl}$libdir'
host='powerpc-unknown-eabi'
host_alias='powerpc-eabi'
host_cpu='powerpc'
host_os='eabi'
host_vendor='unknown'
htmldir='${docdir}'
includedir='${prefix}/include'
infodir='${datarootdir}/info'
libdir='${exec_prefix}/lib'
libexecdir='${exec_prefix}/libexec'
localedir='${datarootdir}/locale'
localstatedir='${prefix}/var'
mandir='${datarootdir}/man'
oldincludedir='/usr/include'
pdfdir='${docdir}'
prefix='C:/devkitpro/portlibs/ppc'
program_transform_name='s,x,x,'
psdir='${docdir}'
sbindir='${exec_prefix}/sbin'
sharedstatedir='${prefix}/com'
sysconfdir='${prefix}/etc'
target_alias=''
version_info='15:0:9'
wl='-Wl,'

## ----------- ##
## confdefs.h. ##
## ----------- ##

/* confdefs.h */
#define PACKAGE_NAME "FreeType"
#define PACKAGE_TARNAME "freetype"
#define PACKAGE_VERSION "2.4.10"
#define PACKAGE_STRING "FreeType 2.4.10"
#define PACKAGE_BUGREPORT "freetype@nongnu.org"
#define PACKAGE_URL ""
#define STDC_HEADERS 1
#define HAVE_SYS_TYPES_H 1
#define HAVE_SYS_STAT_H 1
#define HAVE_STDLIB_H 1
#define HAVE_STRING_H 1
#define HAVE_STRINGS_H 1
#define HAVE_INTTYPES_H 1
#define HAVE_STDINT_H 1
#define HAVE_UNISTD_H 1
#define HAVE_FCNTL_H 1
#define HAVE_UNISTD_H 1
#define SIZEOF_INT 4
#define SIZEOF_LONG 4
#define HAVE_STDLIB_H 1
#define HAVE_UNISTD_H 1
#define HAVE_SYS_PARAM_H 1
#define HAVE_MEMCPY 1
#define HAVE_MEMMOVE 1
#define LT_OBJDIR ".libs/"

configure: exit 0
